{"/Users/mauroociappina/Desktop/Dazlab/Proyecto 40/Repo/gravitad-040-2024-gravitad-generacio-actualizada-contenido-asist-de-escritura-plataforma/Req/backend/src/config/database.ts": {"path":"/Users/mauroociappina/Desktop/Dazlab/Proyecto 40/Repo/gravitad-040-2024-gravitad-generacio-actualizada-contenido-asist-de-escritura-plataforma/Req/backend/src/config/database.ts","statementMap":{"0":{"start":{"line":1,"column":0},"end":{"line":1,"column":34}},"1":{"start":{"line":13,"column":4},"end":{"line":15,"column":5}},"2":{"start":{"line":14,"column":6},"end":{"line":14,"column":41}},"3":{"start":{"line":16,"column":4},"end":{"line":16,"column":29}},"4":{"start":{"line":20,"column":4},"end":{"line":20,"column":18}},"5":{"start":{"line":24,"column":4},"end":{"line":32,"column":5}},"6":{"start":{"line":26,"column":6},"end":{"line":26,"column":39}},"7":{"start":{"line":27,"column":6},"end":{"line":27,"column":57}},"8":{"start":{"line":28,"column":6},"end":{"line":28,"column":18}},"9":{"start":{"line":30,"column":6},"end":{"line":30,"column":63}},"10":{"start":{"line":31,"column":6},"end":{"line":31,"column":19}},"11":{"start":{"line":36,"column":4},"end":{"line":36,"column":31}},"12":{"start":{"line":37,"column":4},"end":{"line":37,"column":46}},"13":{"start":{"line":5,"column":0},"end":{"line":5,"column":13}},"14":{"start":{"line":42,"column":13},"end":{"line":42,"column":47}},"15":{"start":{"line":43,"column":0},"end":{"line":43,"column":24}}},"fnMap":{"0":{"name":"(anonymous_0)","decl":{"start":{"line":8,"column":2},"end":{"line":8,"column":null}},"loc":{"start":{"line":8,"column":2},"end":{"line":10,"column":3}}},"1":{"name":"(anonymous_1)","decl":{"start":{"line":12,"column":9},"end":{"line":12,"column":15}},"loc":{"start":{"line":12,"column":27},"end":{"line":17,"column":3}}},"2":{"name":"(anonymous_2)","decl":{"start":{"line":19,"column":9},"end":{"line":19,"column":18}},"loc":{"start":{"line":19,"column":18},"end":{"line":21,"column":3}}},"3":{"name":"(anonymous_3)","decl":{"start":{"line":23,"column":9},"end":{"line":23,"column":14}},"loc":{"start":{"line":23,"column":29},"end":{"line":33,"column":3}}},"4":{"name":"(anonymous_4)","decl":{"start":{"line":35,"column":9},"end":{"line":35,"column":14}},"loc":{"start":{"line":35,"column":20},"end":{"line":38,"column":3}}}},"branchMap":{"0":{"loc":{"start":{"line":13,"column":4},"end":{"line":15,"column":5}},"type":"if","locations":[{"start":{"line":13,"column":4},"end":{"line":15,"column":5}}]}},"s":{"0":0,"1":0,"2":0,"3":0,"4":0,"5":0,"6":0,"7":0,"8":0,"9":0,"10":0,"11":0,"12":0,"13":0,"14":0,"15":0},"f":{"0":0,"1":0,"2":0,"3":0,"4":0},"b":{"0":[0]}}
,"/Users/mauroociappina/Desktop/Dazlab/Proyecto 40/Repo/gravitad-040-2024-gravitad-generacio-actualizada-contenido-asist-de-escritura-plataforma/Req/backend/src/config/index.ts": {"path":"/Users/mauroociappina/Desktop/Dazlab/Proyecto 40/Repo/gravitad-040-2024-gravitad-generacio-actualizada-contenido-asist-de-escritura-plataforma/Req/backend/src/config/index.ts","statementMap":{"0":{"start":{"line":1,"column":0},"end":{"line":1,"column":28}},"1":{"start":{"line":4,"column":0},"end":{"line":4,"column":16}},"2":{"start":{"line":7,"column":0},"end":{"line":7,"column":9}},"3":{"start":{"line":7,"column":9},"end":{"line":7,"column":26}},"4":{"start":{"line":9,"column":13},"end":{"line":44,"column":11}},"5":{"start":{"line":46,"column":0},"end":{"line":46,"column":22}}},"fnMap":{"0":{"name":"(anonymous_1)","decl":{"start":{"line":7,"column":9},"end":{"line":7,"column":16}},"loc":{"start":{"line":7,"column":9},"end":{"line":7,"column":26}}}},"branchMap":{"0":{"loc":{"start":{"line":11,"column":8},"end":{"line":11,"column":32}},"type":"binary-expr","locations":[{"start":{"line":11,"column":8},"end":{"line":11,"column":24}},{"start":{"line":11,"column":28},"end":{"line":11,"column":32}}]},"1":{"loc":{"start":{"line":12,"column":11},"end":{"line":12,"column":48}},"type":"binary-expr","locations":[{"start":{"line":12,"column":11},"end":{"line":12,"column":31}},{"start":{"line":12,"column":35},"end":{"line":12,"column":48}}]},"2":{"loc":{"start":{"line":16,"column":9},"end":{"line":16,"column":52}},"type":"binary-expr","locations":[{"start":{"line":16,"column":9},"end":{"line":16,"column":33}},{"start":{"line":16,"column":37},"end":{"line":16,"column":52}}]},"3":{"loc":{"start":{"line":21,"column":12},"end":{"line":21,"column":59}},"type":"binary-expr","locations":[{"start":{"line":21,"column":12},"end":{"line":21,"column":34}},{"start":{"line":21,"column":38},"end":{"line":21,"column":59}}]},"4":{"loc":{"start":{"line":22,"column":15},"end":{"line":22,"column":50}},"type":"binary-expr","locations":[{"start":{"line":22,"column":15},"end":{"line":22,"column":41}},{"start":{"line":22,"column":45},"end":{"line":22,"column":50}}]},"5":{"loc":{"start":{"line":23,"column":22},"end":{"line":23,"column":64}},"type":"binary-expr","locations":[{"start":{"line":23,"column":22},"end":{"line":23,"column":56}},{"start":{"line":23,"column":60},"end":{"line":23,"column":64}}]},"6":{"loc":{"start":{"line":28,"column":12},"end":{"line":28,"column":63}},"type":"binary-expr","locations":[{"start":{"line":28,"column":12},"end":{"line":28,"column":36}},{"start":{"line":28,"column":40},"end":{"line":28,"column":63}}]},"7":{"loc":{"start":{"line":34,"column":9},"end":{"line":34,"column":58}},"type":"binary-expr","locations":[{"start":{"line":34,"column":9},"end":{"line":34,"column":30}},{"start":{"line":34,"column":34},"end":{"line":34,"column":58}}]},"8":{"loc":{"start":{"line":39,"column":10},"end":{"line":39,"column":37}},"type":"binary-expr","locations":[{"start":{"line":39,"column":10},"end":{"line":39,"column":31}},{"start":{"line":39,"column":35},"end":{"line":39,"column":37}}]},"9":{"loc":{"start":{"line":40,"column":19},"end":{"line":40,"column":49}},"type":"binary-expr","locations":[{"start":{"line":40,"column":19},"end":{"line":40,"column":40}},{"start":{"line":40,"column":44},"end":{"line":40,"column":49}}]},"10":{"loc":{"start":{"line":41,"column":10},"end":{"line":41,"column":37}},"type":"binary-expr","locations":[{"start":{"line":41,"column":10},"end":{"line":41,"column":31}},{"start":{"line":41,"column":35},"end":{"line":41,"column":37}}]},"11":{"loc":{"start":{"line":42,"column":10},"end":{"line":42,"column":37}},"type":"binary-expr","locations":[{"start":{"line":42,"column":10},"end":{"line":42,"column":31}},{"start":{"line":42,"column":35},"end":{"line":42,"column":37}}]}},"s":{"0":0,"1":0,"2":0,"3":0,"4":0,"5":0},"f":{"0":0},"b":{"0":[0,0],"1":[0,0],"2":[0,0],"3":[0,0],"4":[0,0],"5":[0,0],"6":[0,0],"7":[0,0],"8":[0,0],"9":[0,0],"10":[0,0],"11":[0,0]}}
,"/Users/mauroociappina/Desktop/Dazlab/Proyecto 40/Repo/gravitad-040-2024-gravitad-generacio-actualizada-contenido-asist-de-escritura-plataforma/Req/backend/src/config/prisma.ts": {"path":"/Users/mauroociappina/Desktop/Dazlab/Proyecto 40/Repo/gravitad-040-2024-gravitad-generacio-actualizada-contenido-asist-de-escritura-plataforma/Req/backend/src/config/prisma.ts","statementMap":{"0":{"start":{"line":1,"column":0},"end":{"line":1,"column":51}},"1":{"start":{"line":9,"column":27},"end":{"line":13,"column":1}},"2":{"start":{"line":10,"column":2},"end":{"line":12,"column":5}},"3":{"start":{"line":16,"column":13},"end":{"line":16,"column":66}},"4":{"start":{"line":18,"column":0},"end":{"line":20,"column":1}},"5":{"start":{"line":19,"column":2},"end":{"line":19,"column":31}},"6":{"start":{"line":23,"column":0},"end":{"line":25,"column":3}},"7":{"start":{"line":24,"column":2},"end":{"line":24,"column":29}},"8":{"start":{"line":27,"column":0},"end":{"line":27,"column":22}}},"fnMap":{"0":{"name":"(anonymous_0)","decl":{"start":{"line":9,"column":27},"end":{"line":9,"column":44}},"loc":{"start":{"line":9,"column":46},"end":{"line":13,"column":1}}},"1":{"name":"(anonymous_1)","decl":{"start":{"line":23,"column":25},"end":{"line":23,"column":30}},"loc":{"start":{"line":23,"column":36},"end":{"line":25,"column":1}}}},"branchMap":{"0":{"loc":{"start":{"line":16,"column":22},"end":{"line":16,"column":65}},"type":"binary-expr","locations":[{"start":{"line":16,"column":22},"end":{"line":16,"column":41}},{"start":{"line":16,"column":45},"end":{"line":16,"column":65}}]},"1":{"loc":{"start":{"line":18,"column":0},"end":{"line":20,"column":1}},"type":"if","locations":[{"start":{"line":18,"column":0},"end":{"line":20,"column":1}}]}},"s":{"0":0,"1":0,"2":0,"3":0,"4":0,"5":0,"6":0,"7":0,"8":0},"f":{"0":0,"1":0},"b":{"0":[0,0],"1":[0]}}
,"/Users/mauroociappina/Desktop/Dazlab/Proyecto 40/Repo/gravitad-040-2024-gravitad-generacio-actualizada-contenido-asist-de-escritura-plataforma/Req/backend/src/controllers/auth.controller.ts": {"path":"/Users/mauroociappina/Desktop/Dazlab/Proyecto 40/Repo/gravitad-040-2024-gravitad-generacio-actualizada-contenido-asist-de-escritura-plataforma/Req/backend/src/controllers/auth.controller.ts","statementMap":{"0":{"start":{"line":2,"column":0},"end":{"line":2,"column":24}},"1":{"start":{"line":3,"column":0},"end":{"line":3,"column":54}},"2":{"start":{"line":4,"column":0},"end":{"line":4,"column":52}},"3":{"start":{"line":5,"column":0},"end":{"line":5,"column":51}},"4":{"start":{"line":7,"column":15},"end":{"line":7,"column":33}},"5":{"start":{"line":8,"column":20},"end":{"line":8,"column":43}},"6":{"start":{"line":11,"column":20},"end":{"line":14,"column":2}},"7":{"start":{"line":16,"column":27},"end":{"line":18,"column":2}},"8":{"start":{"line":25,"column":4},"end":{"line":81,"column":5}},"9":{"start":{"line":27,"column":34},"end":{"line":27,"column":61}},"10":{"start":{"line":30,"column":19},"end":{"line":30,"column":71}},"11":{"start":{"line":32,"column":6},"end":{"line":42,"column":7}},"12":{"start":{"line":33,"column":8},"end":{"line":40,"column":11}},"13":{"start":{"line":41,"column":8},"end":{"line":41,"column":15}},"14":{"start":{"line":45,"column":21},"end":{"line":45,"column":55}},"15":{"start":{"line":48,"column":6},"end":{"line":57,"column":9}},"16":{"start":{"line":59,"column":6},"end":{"line":70,"column":7}},"17":{"start":{"line":60,"column":8},"end":{"line":68,"column":11}},"18":{"start":{"line":69,"column":8},"end":{"line":69,"column":15}},"19":{"start":{"line":72,"column":6},"end":{"line":72,"column":43}},"20":{"start":{"line":73,"column":6},"end":{"line":80,"column":9}},"21":{"start":{"line":88,"column":4},"end":{"line":158,"column":5}},"22":{"start":{"line":90,"column":31},"end":{"line":90,"column":65}},"23":{"start":{"line":93,"column":22},"end":{"line":93,"column":65}},"24":{"start":{"line":96,"column":19},"end":{"line":96,"column":64}},"25":{"start":{"line":97,"column":6},"end":{"line":107,"column":7}},"26":{"start":{"line":98,"column":8},"end":{"line":105,"column":11}},"27":{"start":{"line":106,"column":8},"end":{"line":106,"column":15}},"28":{"start":{"line":110,"column":29},"end":{"line":110,"column":72}},"29":{"start":{"line":113,"column":6},"end":{"line":122,"column":9}},"30":{"start":{"line":124,"column":6},"end":{"line":135,"column":7}},"31":{"start":{"line":125,"column":8},"end":{"line":133,"column":11}},"32":{"start":{"line":134,"column":8},"end":{"line":134,"column":15}},"33":{"start":{"line":137,"column":6},"end":{"line":147,"column":7}},"34":{"start":{"line":138,"column":8},"end":{"line":145,"column":11}},"35":{"start":{"line":146,"column":8},"end":{"line":146,"column":15}},"36":{"start":{"line":149,"column":6},"end":{"line":149,"column":51}},"37":{"start":{"line":150,"column":6},"end":{"line":157,"column":9}},"38":{"start":{"line":165,"column":4},"end":{"line":190,"column":5}},"39":{"start":{"line":171,"column":6},"end":{"line":179,"column":9}},"40":{"start":{"line":181,"column":6},"end":{"line":181,"column":44}},"41":{"start":{"line":182,"column":6},"end":{"line":189,"column":9}},"42":{"start":{"line":197,"column":4},"end":{"line":242,"column":5}},"43":{"start":{"line":198,"column":6},"end":{"line":208,"column":7}},"44":{"start":{"line":199,"column":8},"end":{"line":206,"column":11}},"45":{"start":{"line":207,"column":8},"end":{"line":207,"column":15}},"46":{"start":{"line":211,"column":19},"end":{"line":211,"column":61}},"47":{"start":{"line":213,"column":6},"end":{"line":223,"column":7}},"48":{"start":{"line":214,"column":8},"end":{"line":221,"column":11}},"49":{"start":{"line":222,"column":8},"end":{"line":222,"column":15}},"50":{"start":{"line":225,"column":6},"end":{"line":231,"column":9}},"51":{"start":{"line":233,"column":6},"end":{"line":233,"column":51}},"52":{"start":{"line":234,"column":6},"end":{"line":241,"column":9}},"53":{"start":{"line":20,"column":0},"end":{"line":20,"column":13}}},"fnMap":{"0":{"name":"(anonymous_0)","decl":{"start":{"line":24,"column":2},"end":{"line":24,"column":8}},"loc":{"start":{"line":24,"column":48},"end":{"line":82,"column":3}}},"1":{"name":"(anonymous_1)","decl":{"start":{"line":87,"column":2},"end":{"line":87,"column":8}},"loc":{"start":{"line":87,"column":55},"end":{"line":159,"column":3}}},"2":{"name":"(anonymous_2)","decl":{"start":{"line":164,"column":2},"end":{"line":164,"column":8}},"loc":{"start":{"line":164,"column":49},"end":{"line":191,"column":3}}},"3":{"name":"(anonymous_3)","decl":{"start":{"line":196,"column":2},"end":{"line":196,"column":8}},"loc":{"start":{"line":196,"column":45},"end":{"line":243,"column":3}}}},"branchMap":{"0":{"loc":{"start":{"line":32,"column":6},"end":{"line":42,"column":7}},"type":"if","locations":[{"start":{"line":32,"column":6},"end":{"line":42,"column":7}}]},"1":{"loc":{"start":{"line":38,"column":23},"end":{"line":38,"column":63}},"type":"binary-expr","locations":[{"start":{"line":38,"column":23},"end":{"line":38,"column":50}},{"start":{"line":38,"column":54},"end":{"line":38,"column":63}}]},"2":{"loc":{"start":{"line":59,"column":6},"end":{"line":70,"column":7}},"type":"if","locations":[{"start":{"line":59,"column":6},"end":{"line":70,"column":7}}]},"3":{"loc":{"start":{"line":66,"column":23},"end":{"line":66,"column":63}},"type":"binary-expr","locations":[{"start":{"line":66,"column":23},"end":{"line":66,"column":50}},{"start":{"line":66,"column":54},"end":{"line":66,"column":63}}]},"4":{"loc":{"start":{"line":78,"column":21},"end":{"line":78,"column":61}},"type":"binary-expr","locations":[{"start":{"line":78,"column":21},"end":{"line":78,"column":48}},{"start":{"line":78,"column":52},"end":{"line":78,"column":61}}]},"5":{"loc":{"start":{"line":97,"column":6},"end":{"line":107,"column":7}},"type":"if","locations":[{"start":{"line":97,"column":6},"end":{"line":107,"column":7}}]},"6":{"loc":{"start":{"line":97,"column":10},"end":{"line":97,"column":33}},"type":"binary-expr","locations":[{"start":{"line":97,"column":10},"end":{"line":97,"column":15}},{"start":{"line":97,"column":19},"end":{"line":97,"column":33}}]},"7":{"loc":{"start":{"line":103,"column":23},"end":{"line":103,"column":63}},"type":"binary-expr","locations":[{"start":{"line":103,"column":23},"end":{"line":103,"column":50}},{"start":{"line":103,"column":54},"end":{"line":103,"column":63}}]},"8":{"loc":{"start":{"line":124,"column":6},"end":{"line":135,"column":7}},"type":"if","locations":[{"start":{"line":124,"column":6},"end":{"line":135,"column":7}}]},"9":{"loc":{"start":{"line":131,"column":23},"end":{"line":131,"column":63}},"type":"binary-expr","locations":[{"start":{"line":131,"column":23},"end":{"line":131,"column":50}},{"start":{"line":131,"column":54},"end":{"line":131,"column":63}}]},"10":{"loc":{"start":{"line":137,"column":6},"end":{"line":147,"column":7}},"type":"if","locations":[{"start":{"line":137,"column":6},"end":{"line":147,"column":7}}]},"11":{"loc":{"start":{"line":143,"column":23},"end":{"line":143,"column":63}},"type":"binary-expr","locations":[{"start":{"line":143,"column":23},"end":{"line":143,"column":50}},{"start":{"line":143,"column":54},"end":{"line":143,"column":63}}]},"12":{"loc":{"start":{"line":155,"column":21},"end":{"line":155,"column":61}},"type":"binary-expr","locations":[{"start":{"line":155,"column":21},"end":{"line":155,"column":48}},{"start":{"line":155,"column":52},"end":{"line":155,"column":61}}]},"13":{"loc":{"start":{"line":187,"column":21},"end":{"line":187,"column":61}},"type":"binary-expr","locations":[{"start":{"line":187,"column":21},"end":{"line":187,"column":48}},{"start":{"line":187,"column":52},"end":{"line":187,"column":61}}]},"14":{"loc":{"start":{"line":198,"column":6},"end":{"line":208,"column":7}},"type":"if","locations":[{"start":{"line":198,"column":6},"end":{"line":208,"column":7}}]},"15":{"loc":{"start":{"line":204,"column":23},"end":{"line":204,"column":63}},"type":"binary-expr","locations":[{"start":{"line":204,"column":23},"end":{"line":204,"column":50}},{"start":{"line":204,"column":54},"end":{"line":204,"column":63}}]},"16":{"loc":{"start":{"line":213,"column":6},"end":{"line":223,"column":7}},"type":"if","locations":[{"start":{"line":213,"column":6},"end":{"line":223,"column":7}}]},"17":{"loc":{"start":{"line":219,"column":23},"end":{"line":219,"column":63}},"type":"binary-expr","locations":[{"start":{"line":219,"column":23},"end":{"line":219,"column":50}},{"start":{"line":219,"column":54},"end":{"line":219,"column":63}}]},"18":{"loc":{"start":{"line":239,"column":21},"end":{"line":239,"column":61}},"type":"binary-expr","locations":[{"start":{"line":239,"column":21},"end":{"line":239,"column":48}},{"start":{"line":239,"column":52},"end":{"line":239,"column":61}}]}},"s":{"0":0,"1":0,"2":0,"3":0,"4":0,"5":0,"6":0,"7":0,"8":0,"9":0,"10":0,"11":0,"12":0,"13":0,"14":0,"15":0,"16":0,"17":0,"18":0,"19":0,"20":0,"21":0,"22":0,"23":0,"24":0,"25":0,"26":0,"27":0,"28":0,"29":0,"30":0,"31":0,"32":0,"33":0,"34":0,"35":0,"36":0,"37":0,"38":0,"39":0,"40":0,"41":0,"42":0,"43":0,"44":0,"45":0,"46":0,"47":0,"48":0,"49":0,"50":0,"51":0,"52":0,"53":0},"f":{"0":0,"1":0,"2":0,"3":0},"b":{"0":[0],"1":[0,0],"2":[0],"3":[0,0],"4":[0,0],"5":[0],"6":[0,0],"7":[0,0],"8":[0],"9":[0,0],"10":[0],"11":[0,0],"12":[0,0],"13":[0,0],"14":[0],"15":[0,0],"16":[0],"17":[0,0],"18":[0,0]}}
,"/Users/mauroociappina/Desktop/Dazlab/Proyecto 40/Repo/gravitad-040-2024-gravitad-generacio-actualizada-contenido-asist-de-escritura-plataforma/Req/backend/src/controllers/user.controller.ts": {"path":"/Users/mauroociappina/Desktop/Dazlab/Proyecto 40/Repo/gravitad-040-2024-gravitad-generacio-actualizada-contenido-asist-de-escritura-plataforma/Req/backend/src/controllers/user.controller.ts","statementMap":{"0":{"start":{"line":2,"column":0},"end":{"line":2,"column":54}},"1":{"start":{"line":3,"column":0},"end":{"line":3,"column":41}},"2":{"start":{"line":5,"column":0},"end":{"line":5,"column":45}},"3":{"start":{"line":15,"column":4},"end":{"line":38,"column":5}},"4":{"start":{"line":16,"column":19},"end":{"line":16,"column":58}},"5":{"start":{"line":17,"column":20},"end":{"line":17,"column":61}},"6":{"start":{"line":18,"column":19},"end":{"line":18,"column":64}},"7":{"start":{"line":19,"column":23},"end":{"line":20,"column":72}},"8":{"start":{"line":22,"column":21},"end":{"line":22,"column":91}},"9":{"start":{"line":24,"column":6},"end":{"line":27,"column":9}},"10":{"start":{"line":29,"column":6},"end":{"line":37,"column":9}},"11":{"start":{"line":45,"column":4},"end":{"line":75,"column":5}},"12":{"start":{"line":46,"column":21},"end":{"line":46,"column":31}},"13":{"start":{"line":47,"column":19},"end":{"line":47,"column":67}},"14":{"start":{"line":49,"column":6},"end":{"line":59,"column":7}},"15":{"start":{"line":50,"column":8},"end":{"line":57,"column":11}},"16":{"start":{"line":58,"column":8},"end":{"line":58,"column":15}},"17":{"start":{"line":61,"column":6},"end":{"line":64,"column":9}},"18":{"start":{"line":66,"column":6},"end":{"line":74,"column":9}},"19":{"start":{"line":82,"column":4},"end":{"line":126,"column":5}},"20":{"start":{"line":83,"column":40},"end":{"line":83,"column":48}},"21":{"start":{"line":84,"column":19},"end":{"line":84,"column":72}},"22":{"start":{"line":86,"column":6},"end":{"line":89,"column":9}},"23":{"start":{"line":91,"column":6},"end":{"line":115,"column":7}},"24":{"start":{"line":92,"column":8},"end":{"line":102,"column":9}},"25":{"start":{"line":93,"column":10},"end":{"line":100,"column":13}},"26":{"start":{"line":101,"column":10},"end":{"line":101,"column":17}},"27":{"start":{"line":104,"column":8},"end":{"line":114,"column":9}},"28":{"start":{"line":105,"column":10},"end":{"line":112,"column":13}},"29":{"start":{"line":113,"column":10},"end":{"line":113,"column":17}},"30":{"start":{"line":117,"column":6},"end":{"line":125,"column":9}},"31":{"start":{"line":133,"column":4},"end":{"line":179,"column":5}},"32":{"start":{"line":134,"column":21},"end":{"line":134,"column":31}},"33":{"start":{"line":135,"column":42},"end":{"line":135,"column":50}},"34":{"start":{"line":137,"column":19},"end":{"line":137,"column":78}},"35":{"start":{"line":139,"column":6},"end":{"line":142,"column":9}},"36":{"start":{"line":144,"column":6},"end":{"line":168,"column":7}},"37":{"start":{"line":145,"column":8},"end":{"line":155,"column":9}},"38":{"start":{"line":146,"column":10},"end":{"line":153,"column":13}},"39":{"start":{"line":154,"column":10},"end":{"line":154,"column":17}},"40":{"start":{"line":157,"column":8},"end":{"line":167,"column":9}},"41":{"start":{"line":158,"column":10},"end":{"line":165,"column":13}},"42":{"start":{"line":166,"column":10},"end":{"line":166,"column":17}},"43":{"start":{"line":170,"column":6},"end":{"line":178,"column":9}},"44":{"start":{"line":186,"column":4},"end":{"line":257,"column":5}},"45":{"start":{"line":187,"column":21},"end":{"line":187,"column":31}},"46":{"start":{"line":188,"column":48},"end":{"line":188,"column":56}},"47":{"start":{"line":191,"column":6},"end":{"line":201,"column":7}},"48":{"start":{"line":192,"column":8},"end":{"line":199,"column":11}},"49":{"start":{"line":200,"column":8},"end":{"line":200,"column":15}},"50":{"start":{"line":203,"column":6},"end":{"line":203,"column":72}},"51":{"start":{"line":205,"column":6},"end":{"line":208,"column":9}},"52":{"start":{"line":210,"column":6},"end":{"line":246,"column":7}},"53":{"start":{"line":211,"column":8},"end":{"line":221,"column":9}},"54":{"start":{"line":212,"column":10},"end":{"line":219,"column":13}},"55":{"start":{"line":220,"column":10},"end":{"line":220,"column":17}},"56":{"start":{"line":223,"column":8},"end":{"line":233,"column":9}},"57":{"start":{"line":224,"column":10},"end":{"line":231,"column":13}},"58":{"start":{"line":232,"column":10},"end":{"line":232,"column":17}},"59":{"start":{"line":235,"column":8},"end":{"line":245,"column":9}},"60":{"start":{"line":236,"column":10},"end":{"line":243,"column":13}},"61":{"start":{"line":244,"column":10},"end":{"line":244,"column":17}},"62":{"start":{"line":248,"column":6},"end":{"line":256,"column":9}},"63":{"start":{"line":264,"column":4},"end":{"line":311,"column":5}},"64":{"start":{"line":265,"column":21},"end":{"line":265,"column":31}},"65":{"start":{"line":268,"column":6},"end":{"line":278,"column":7}},"66":{"start":{"line":269,"column":8},"end":{"line":276,"column":11}},"67":{"start":{"line":277,"column":8},"end":{"line":277,"column":15}},"68":{"start":{"line":280,"column":19},"end":{"line":280,"column":72}},"69":{"start":{"line":282,"column":6},"end":{"line":288,"column":9}},"70":{"start":{"line":290,"column":6},"end":{"line":300,"column":7}},"71":{"start":{"line":291,"column":8},"end":{"line":298,"column":11}},"72":{"start":{"line":299,"column":8},"end":{"line":299,"column":15}},"73":{"start":{"line":302,"column":6},"end":{"line":310,"column":9}},"74":{"start":{"line":318,"column":4},"end":{"line":362,"column":5}},"75":{"start":{"line":319,"column":21},"end":{"line":319,"column":31}},"76":{"start":{"line":322,"column":6},"end":{"line":332,"column":7}},"77":{"start":{"line":323,"column":8},"end":{"line":330,"column":11}},"78":{"start":{"line":331,"column":8},"end":{"line":331,"column":15}},"79":{"start":{"line":334,"column":6},"end":{"line":334,"column":54}},"80":{"start":{"line":336,"column":6},"end":{"line":339,"column":9}},"81":{"start":{"line":341,"column":6},"end":{"line":351,"column":7}},"82":{"start":{"line":342,"column":8},"end":{"line":349,"column":11}},"83":{"start":{"line":350,"column":8},"end":{"line":350,"column":15}},"84":{"start":{"line":353,"column":6},"end":{"line":361,"column":9}},"85":{"start":{"line":369,"column":4},"end":{"line":386,"column":5}},"86":{"start":{"line":370,"column":20},"end":{"line":370,"column":50}},"87":{"start":{"line":372,"column":6},"end":{"line":375,"column":9}},"88":{"start":{"line":377,"column":6},"end":{"line":385,"column":9}},"89":{"start":{"line":393,"column":4},"end":{"line":425,"column":5}},"90":{"start":{"line":394,"column":23},"end":{"line":394,"column":33}},"91":{"start":{"line":396,"column":6},"end":{"line":406,"column":7}},"92":{"start":{"line":397,"column":8},"end":{"line":404,"column":11}},"93":{"start":{"line":405,"column":8},"end":{"line":405,"column":15}},"94":{"start":{"line":408,"column":37},"end":{"line":408,"column":90}},"95":{"start":{"line":409,"column":26},"end":{"line":409,"column":69}},"96":{"start":{"line":411,"column":6},"end":{"line":414,"column":9}},"97":{"start":{"line":416,"column":6},"end":{"line":424,"column":9}},"98":{"start":{"line":432,"column":4},"end":{"line":450,"column":5}},"99":{"start":{"line":433,"column":34},"end":{"line":433,"column":87}},"100":{"start":{"line":434,"column":24},"end":{"line":434,"column":41}},"101":{"start":{"line":436,"column":6},"end":{"line":439,"column":9}},"102":{"start":{"line":441,"column":6},"end":{"line":449,"column":9}},"103":{"start":{"line":457,"column":4},"end":{"line":475,"column":5}},"104":{"start":{"line":458,"column":40},"end":{"line":458,"column":93}},"105":{"start":{"line":459,"column":30},"end":{"line":459,"column":53}},"106":{"start":{"line":461,"column":6},"end":{"line":464,"column":9}},"107":{"start":{"line":466,"column":6},"end":{"line":474,"column":9}},"108":{"start":{"line":482,"column":4},"end":{"line":518,"column":5}},"109":{"start":{"line":483,"column":29},"end":{"line":483,"column":39}},"110":{"start":{"line":485,"column":6},"end":{"line":495,"column":7}},"111":{"start":{"line":486,"column":8},"end":{"line":493,"column":11}},"112":{"start":{"line":494,"column":8},"end":{"line":494,"column":15}},"113":{"start":{"line":497,"column":32},"end":{"line":497,"column":85}},"114":{"start":{"line":498,"column":24},"end":{"line":498,"column":97}},"115":{"start":{"line":500,"column":6},"end":{"line":507,"column":9}},"116":{"start":{"line":509,"column":6},"end":{"line":517,"column":9}},"117":{"start":{"line":8,"column":0},"end":{"line":8,"column":13}},"118":{"start":{"line":9,"column":17},"end":{"line":9,"column":55}}},"fnMap":{"0":{"name":"(anonymous_9)","decl":{"start":{"line":14,"column":2},"end":{"line":14,"column":8}},"loc":{"start":{"line":14,"column":51},"end":{"line":39,"column":3}}},"1":{"name":"(anonymous_10)","decl":{"start":{"line":44,"column":2},"end":{"line":44,"column":8}},"loc":{"start":{"line":44,"column":54},"end":{"line":76,"column":3}}},"2":{"name":"(anonymous_11)","decl":{"start":{"line":81,"column":2},"end":{"line":81,"column":8}},"loc":{"start":{"line":81,"column":53},"end":{"line":127,"column":3}}},"3":{"name":"(anonymous_12)","decl":{"start":{"line":132,"column":2},"end":{"line":132,"column":8}},"loc":{"start":{"line":132,"column":53},"end":{"line":180,"column":3}}},"4":{"name":"(anonymous_13)","decl":{"start":{"line":185,"column":2},"end":{"line":185,"column":8}},"loc":{"start":{"line":185,"column":57},"end":{"line":258,"column":3}}},"5":{"name":"(anonymous_14)","decl":{"start":{"line":263,"column":2},"end":{"line":263,"column":8}},"loc":{"start":{"line":263,"column":59},"end":{"line":312,"column":3}}},"6":{"name":"(anonymous_15)","decl":{"start":{"line":317,"column":2},"end":{"line":317,"column":8}},"loc":{"start":{"line":317,"column":53},"end":{"line":363,"column":3}}},"7":{"name":"(anonymous_16)","decl":{"start":{"line":368,"column":2},"end":{"line":368,"column":8}},"loc":{"start":{"line":368,"column":51},"end":{"line":387,"column":3}}},"8":{"name":"(anonymous_17)","decl":{"start":{"line":392,"column":2},"end":{"line":392,"column":8}},"loc":{"start":{"line":392,"column":61},"end":{"line":426,"column":3}}},"9":{"name":"(anonymous_18)","decl":{"start":{"line":408,"column":37},"end":{"line":408,"column":50}},"loc":{"start":{"line":408,"column":37},"end":{"line":408,"column":90}}},"10":{"name":"(anonymous_19)","decl":{"start":{"line":431,"column":2},"end":{"line":431,"column":8}},"loc":{"start":{"line":431,"column":58},"end":{"line":451,"column":3}}},"11":{"name":"(anonymous_20)","decl":{"start":{"line":433,"column":34},"end":{"line":433,"column":47}},"loc":{"start":{"line":433,"column":34},"end":{"line":433,"column":87}}},"12":{"name":"(anonymous_21)","decl":{"start":{"line":456,"column":2},"end":{"line":456,"column":8}},"loc":{"start":{"line":456,"column":64},"end":{"line":476,"column":3}}},"13":{"name":"(anonymous_22)","decl":{"start":{"line":458,"column":40},"end":{"line":458,"column":53}},"loc":{"start":{"line":458,"column":40},"end":{"line":458,"column":93}}},"14":{"name":"(anonymous_23)","decl":{"start":{"line":481,"column":2},"end":{"line":481,"column":8}},"loc":{"start":{"line":481,"column":62},"end":{"line":519,"column":3}}},"15":{"name":"(anonymous_24)","decl":{"start":{"line":497,"column":32},"end":{"line":497,"column":45}},"loc":{"start":{"line":497,"column":32},"end":{"line":497,"column":85}}}},"branchMap":{"0":{"loc":{"start":{"line":16,"column":19},"end":{"line":16,"column":58}},"type":"binary-expr","locations":[{"start":{"line":16,"column":19},"end":{"line":16,"column":53}},{"start":{"line":16,"column":57},"end":{"line":16,"column":58}}]},"1":{"loc":{"start":{"line":17,"column":20},"end":{"line":17,"column":61}},"type":"binary-expr","locations":[{"start":{"line":17,"column":20},"end":{"line":17,"column":55}},{"start":{"line":17,"column":59},"end":{"line":17,"column":61}}]},"2":{"loc":{"start":{"line":19,"column":23},"end":{"line":20,"column":72}},"type":"cond-expr","locations":[{"start":{"line":19,"column":55},"end":{"line":19,"column":59}},{"start":{"line":20,"column":22},"end":{"line":20,"column":72}}]},"3":{"loc":{"start":{"line":20,"column":22},"end":{"line":20,"column":72}},"type":"cond-expr","locations":[{"start":{"line":20,"column":55},"end":{"line":20,"column":60}},{"start":{"line":20,"column":63},"end":{"line":20,"column":72}}]},"4":{"loc":{"start":{"line":33,"column":19},"end":{"line":33,"column":79}},"type":"cond-expr","locations":[{"start":{"line":33,"column":44},"end":{"line":33,"column":57}},{"start":{"line":33,"column":60},"end":{"line":33,"column":79}}]},"5":{"loc":{"start":{"line":35,"column":21},"end":{"line":35,"column":61}},"type":"binary-expr","locations":[{"start":{"line":35,"column":21},"end":{"line":35,"column":48}},{"start":{"line":35,"column":52},"end":{"line":35,"column":61}}]},"6":{"loc":{"start":{"line":49,"column":6},"end":{"line":59,"column":7}},"type":"if","locations":[{"start":{"line":49,"column":6},"end":{"line":59,"column":7}}]},"7":{"loc":{"start":{"line":55,"column":23},"end":{"line":55,"column":63}},"type":"binary-expr","locations":[{"start":{"line":55,"column":23},"end":{"line":55,"column":50}},{"start":{"line":55,"column":54},"end":{"line":55,"column":63}}]},"8":{"loc":{"start":{"line":70,"column":19},"end":{"line":70,"column":79}},"type":"cond-expr","locations":[{"start":{"line":70,"column":44},"end":{"line":70,"column":57}},{"start":{"line":70,"column":60},"end":{"line":70,"column":79}}]},"9":{"loc":{"start":{"line":72,"column":21},"end":{"line":72,"column":61}},"type":"binary-expr","locations":[{"start":{"line":72,"column":21},"end":{"line":72,"column":48}},{"start":{"line":72,"column":52},"end":{"line":72,"column":61}}]},"10":{"loc":{"start":{"line":91,"column":6},"end":{"line":115,"column":7}},"type":"if","locations":[{"start":{"line":91,"column":6},"end":{"line":115,"column":7}}]},"11":{"loc":{"start":{"line":92,"column":8},"end":{"line":102,"column":9}},"type":"if","locations":[{"start":{"line":92,"column":8},"end":{"line":102,"column":9}}]},"12":{"loc":{"start":{"line":98,"column":25},"end":{"line":98,"column":65}},"type":"binary-expr","locations":[{"start":{"line":98,"column":25},"end":{"line":98,"column":52}},{"start":{"line":98,"column":56},"end":{"line":98,"column":65}}]},"13":{"loc":{"start":{"line":104,"column":8},"end":{"line":114,"column":9}},"type":"if","locations":[{"start":{"line":104,"column":8},"end":{"line":114,"column":9}}]},"14":{"loc":{"start":{"line":110,"column":25},"end":{"line":110,"column":65}},"type":"binary-expr","locations":[{"start":{"line":110,"column":25},"end":{"line":110,"column":52}},{"start":{"line":110,"column":56},"end":{"line":110,"column":65}}]},"15":{"loc":{"start":{"line":121,"column":19},"end":{"line":121,"column":79}},"type":"cond-expr","locations":[{"start":{"line":121,"column":44},"end":{"line":121,"column":57}},{"start":{"line":121,"column":60},"end":{"line":121,"column":79}}]},"16":{"loc":{"start":{"line":123,"column":21},"end":{"line":123,"column":61}},"type":"binary-expr","locations":[{"start":{"line":123,"column":21},"end":{"line":123,"column":48}},{"start":{"line":123,"column":52},"end":{"line":123,"column":61}}]},"17":{"loc":{"start":{"line":144,"column":6},"end":{"line":168,"column":7}},"type":"if","locations":[{"start":{"line":144,"column":6},"end":{"line":168,"column":7}}]},"18":{"loc":{"start":{"line":145,"column":8},"end":{"line":155,"column":9}},"type":"if","locations":[{"start":{"line":145,"column":8},"end":{"line":155,"column":9}}]},"19":{"loc":{"start":{"line":151,"column":25},"end":{"line":151,"column":65}},"type":"binary-expr","locations":[{"start":{"line":151,"column":25},"end":{"line":151,"column":52}},{"start":{"line":151,"column":56},"end":{"line":151,"column":65}}]},"20":{"loc":{"start":{"line":157,"column":8},"end":{"line":167,"column":9}},"type":"if","locations":[{"start":{"line":157,"column":8},"end":{"line":167,"column":9}}]},"21":{"loc":{"start":{"line":163,"column":25},"end":{"line":163,"column":65}},"type":"binary-expr","locations":[{"start":{"line":163,"column":25},"end":{"line":163,"column":52}},{"start":{"line":163,"column":56},"end":{"line":163,"column":65}}]},"22":{"loc":{"start":{"line":174,"column":19},"end":{"line":174,"column":79}},"type":"cond-expr","locations":[{"start":{"line":174,"column":44},"end":{"line":174,"column":57}},{"start":{"line":174,"column":60},"end":{"line":174,"column":79}}]},"23":{"loc":{"start":{"line":176,"column":21},"end":{"line":176,"column":61}},"type":"binary-expr","locations":[{"start":{"line":176,"column":21},"end":{"line":176,"column":48}},{"start":{"line":176,"column":52},"end":{"line":176,"column":61}}]},"24":{"loc":{"start":{"line":191,"column":6},"end":{"line":201,"column":7}},"type":"if","locations":[{"start":{"line":191,"column":6},"end":{"line":201,"column":7}}]},"25":{"loc":{"start":{"line":191,"column":10},"end":{"line":191,"column":73}},"type":"binary-expr","locations":[{"start":{"line":191,"column":10},"end":{"line":191,"column":29}},{"start":{"line":191,"column":33},"end":{"line":191,"column":73}}]},"26":{"loc":{"start":{"line":197,"column":23},"end":{"line":197,"column":63}},"type":"binary-expr","locations":[{"start":{"line":197,"column":23},"end":{"line":197,"column":50}},{"start":{"line":197,"column":54},"end":{"line":197,"column":63}}]},"27":{"loc":{"start":{"line":210,"column":6},"end":{"line":246,"column":7}},"type":"if","locations":[{"start":{"line":210,"column":6},"end":{"line":246,"column":7}}]},"28":{"loc":{"start":{"line":211,"column":8},"end":{"line":221,"column":9}},"type":"if","locations":[{"start":{"line":211,"column":8},"end":{"line":221,"column":9}}]},"29":{"loc":{"start":{"line":217,"column":25},"end":{"line":217,"column":65}},"type":"binary-expr","locations":[{"start":{"line":217,"column":25},"end":{"line":217,"column":52}},{"start":{"line":217,"column":56},"end":{"line":217,"column":65}}]},"30":{"loc":{"start":{"line":223,"column":8},"end":{"line":233,"column":9}},"type":"if","locations":[{"start":{"line":223,"column":8},"end":{"line":233,"column":9}}]},"31":{"loc":{"start":{"line":229,"column":25},"end":{"line":229,"column":65}},"type":"binary-expr","locations":[{"start":{"line":229,"column":25},"end":{"line":229,"column":52}},{"start":{"line":229,"column":56},"end":{"line":229,"column":65}}]},"32":{"loc":{"start":{"line":235,"column":8},"end":{"line":245,"column":9}},"type":"if","locations":[{"start":{"line":235,"column":8},"end":{"line":245,"column":9}}]},"33":{"loc":{"start":{"line":241,"column":25},"end":{"line":241,"column":65}},"type":"binary-expr","locations":[{"start":{"line":241,"column":25},"end":{"line":241,"column":52}},{"start":{"line":241,"column":56},"end":{"line":241,"column":65}}]},"34":{"loc":{"start":{"line":252,"column":19},"end":{"line":252,"column":79}},"type":"cond-expr","locations":[{"start":{"line":252,"column":44},"end":{"line":252,"column":57}},{"start":{"line":252,"column":60},"end":{"line":252,"column":79}}]},"35":{"loc":{"start":{"line":254,"column":21},"end":{"line":254,"column":61}},"type":"binary-expr","locations":[{"start":{"line":254,"column":21},"end":{"line":254,"column":48}},{"start":{"line":254,"column":52},"end":{"line":254,"column":61}}]},"36":{"loc":{"start":{"line":268,"column":6},"end":{"line":278,"column":7}},"type":"if","locations":[{"start":{"line":268,"column":6},"end":{"line":278,"column":7}}]},"37":{"loc":{"start":{"line":274,"column":23},"end":{"line":274,"column":63}},"type":"binary-expr","locations":[{"start":{"line":274,"column":23},"end":{"line":274,"column":50}},{"start":{"line":274,"column":54},"end":{"line":274,"column":63}}]},"38":{"loc":{"start":{"line":286,"column":30},"end":{"line":286,"column":72}},"type":"cond-expr","locations":[{"start":{"line":286,"column":46},"end":{"line":286,"column":56}},{"start":{"line":286,"column":59},"end":{"line":286,"column":72}}]},"39":{"loc":{"start":{"line":290,"column":6},"end":{"line":300,"column":7}},"type":"if","locations":[{"start":{"line":290,"column":6},"end":{"line":300,"column":7}}]},"40":{"loc":{"start":{"line":290,"column":10},"end":{"line":290,"column":83}},"type":"binary-expr","locations":[{"start":{"line":290,"column":10},"end":{"line":290,"column":32}},{"start":{"line":290,"column":36},"end":{"line":290,"column":83}}]},"41":{"loc":{"start":{"line":296,"column":23},"end":{"line":296,"column":63}},"type":"binary-expr","locations":[{"start":{"line":296,"column":23},"end":{"line":296,"column":50}},{"start":{"line":296,"column":54},"end":{"line":296,"column":63}}]},"42":{"loc":{"start":{"line":306,"column":19},"end":{"line":306,"column":79}},"type":"cond-expr","locations":[{"start":{"line":306,"column":44},"end":{"line":306,"column":57}},{"start":{"line":306,"column":60},"end":{"line":306,"column":79}}]},"43":{"loc":{"start":{"line":308,"column":21},"end":{"line":308,"column":61}},"type":"binary-expr","locations":[{"start":{"line":308,"column":21},"end":{"line":308,"column":48}},{"start":{"line":308,"column":52},"end":{"line":308,"column":61}}]},"44":{"loc":{"start":{"line":322,"column":6},"end":{"line":332,"column":7}},"type":"if","locations":[{"start":{"line":322,"column":6},"end":{"line":332,"column":7}}]},"45":{"loc":{"start":{"line":328,"column":23},"end":{"line":328,"column":63}},"type":"binary-expr","locations":[{"start":{"line":328,"column":23},"end":{"line":328,"column":50}},{"start":{"line":328,"column":54},"end":{"line":328,"column":63}}]},"46":{"loc":{"start":{"line":341,"column":6},"end":{"line":351,"column":7}},"type":"if","locations":[{"start":{"line":341,"column":6},"end":{"line":351,"column":7}}]},"47":{"loc":{"start":{"line":341,"column":10},"end":{"line":341,"column":83}},"type":"binary-expr","locations":[{"start":{"line":341,"column":10},"end":{"line":341,"column":32}},{"start":{"line":341,"column":36},"end":{"line":341,"column":83}}]},"48":{"loc":{"start":{"line":347,"column":23},"end":{"line":347,"column":63}},"type":"binary-expr","locations":[{"start":{"line":347,"column":23},"end":{"line":347,"column":50}},{"start":{"line":347,"column":54},"end":{"line":347,"column":63}}]},"49":{"loc":{"start":{"line":357,"column":19},"end":{"line":357,"column":79}},"type":"cond-expr","locations":[{"start":{"line":357,"column":44},"end":{"line":357,"column":57}},{"start":{"line":357,"column":60},"end":{"line":357,"column":79}}]},"50":{"loc":{"start":{"line":359,"column":21},"end":{"line":359,"column":61}},"type":"binary-expr","locations":[{"start":{"line":359,"column":21},"end":{"line":359,"column":48}},{"start":{"line":359,"column":52},"end":{"line":359,"column":61}}]},"51":{"loc":{"start":{"line":381,"column":19},"end":{"line":381,"column":79}},"type":"cond-expr","locations":[{"start":{"line":381,"column":44},"end":{"line":381,"column":57}},{"start":{"line":381,"column":60},"end":{"line":381,"column":79}}]},"52":{"loc":{"start":{"line":383,"column":21},"end":{"line":383,"column":61}},"type":"binary-expr","locations":[{"start":{"line":383,"column":21},"end":{"line":383,"column":48}},{"start":{"line":383,"column":52},"end":{"line":383,"column":61}}]},"53":{"loc":{"start":{"line":396,"column":6},"end":{"line":406,"column":7}},"type":"if","locations":[{"start":{"line":396,"column":6},"end":{"line":406,"column":7}}]},"54":{"loc":{"start":{"line":402,"column":23},"end":{"line":402,"column":63}},"type":"binary-expr","locations":[{"start":{"line":402,"column":23},"end":{"line":402,"column":50}},{"start":{"line":402,"column":54},"end":{"line":402,"column":63}}]},"55":{"loc":{"start":{"line":420,"column":19},"end":{"line":420,"column":79}},"type":"cond-expr","locations":[{"start":{"line":420,"column":44},"end":{"line":420,"column":57}},{"start":{"line":420,"column":60},"end":{"line":420,"column":79}}]},"56":{"loc":{"start":{"line":422,"column":21},"end":{"line":422,"column":61}},"type":"binary-expr","locations":[{"start":{"line":422,"column":21},"end":{"line":422,"column":48}},{"start":{"line":422,"column":52},"end":{"line":422,"column":61}}]},"57":{"loc":{"start":{"line":445,"column":19},"end":{"line":445,"column":79}},"type":"cond-expr","locations":[{"start":{"line":445,"column":44},"end":{"line":445,"column":57}},{"start":{"line":445,"column":60},"end":{"line":445,"column":79}}]},"58":{"loc":{"start":{"line":447,"column":21},"end":{"line":447,"column":61}},"type":"binary-expr","locations":[{"start":{"line":447,"column":21},"end":{"line":447,"column":48}},{"start":{"line":447,"column":52},"end":{"line":447,"column":61}}]},"59":{"loc":{"start":{"line":470,"column":19},"end":{"line":470,"column":79}},"type":"cond-expr","locations":[{"start":{"line":470,"column":44},"end":{"line":470,"column":57}},{"start":{"line":470,"column":60},"end":{"line":470,"column":79}}]},"60":{"loc":{"start":{"line":472,"column":21},"end":{"line":472,"column":61}},"type":"binary-expr","locations":[{"start":{"line":472,"column":21},"end":{"line":472,"column":48}},{"start":{"line":472,"column":52},"end":{"line":472,"column":61}}]},"61":{"loc":{"start":{"line":485,"column":6},"end":{"line":495,"column":7}},"type":"if","locations":[{"start":{"line":485,"column":6},"end":{"line":495,"column":7}}]},"62":{"loc":{"start":{"line":491,"column":23},"end":{"line":491,"column":63}},"type":"binary-expr","locations":[{"start":{"line":491,"column":23},"end":{"line":491,"column":50}},{"start":{"line":491,"column":54},"end":{"line":491,"column":63}}]},"63":{"loc":{"start":{"line":513,"column":19},"end":{"line":513,"column":79}},"type":"cond-expr","locations":[{"start":{"line":513,"column":44},"end":{"line":513,"column":57}},{"start":{"line":513,"column":60},"end":{"line":513,"column":79}}]},"64":{"loc":{"start":{"line":515,"column":21},"end":{"line":515,"column":61}},"type":"binary-expr","locations":[{"start":{"line":515,"column":21},"end":{"line":515,"column":48}},{"start":{"line":515,"column":52},"end":{"line":515,"column":61}}]}},"s":{"0":0,"1":0,"2":0,"3":0,"4":0,"5":0,"6":0,"7":0,"8":0,"9":0,"10":0,"11":0,"12":0,"13":0,"14":0,"15":0,"16":0,"17":0,"18":0,"19":0,"20":0,"21":0,"22":0,"23":0,"24":0,"25":0,"26":0,"27":0,"28":0,"29":0,"30":0,"31":0,"32":0,"33":0,"34":0,"35":0,"36":0,"37":0,"38":0,"39":0,"40":0,"41":0,"42":0,"43":0,"44":0,"45":0,"46":0,"47":0,"48":0,"49":0,"50":0,"51":0,"52":0,"53":0,"54":0,"55":0,"56":0,"57":0,"58":0,"59":0,"60":0,"61":0,"62":0,"63":0,"64":0,"65":0,"66":0,"67":0,"68":0,"69":0,"70":0,"71":0,"72":0,"73":0,"74":0,"75":0,"76":0,"77":0,"78":0,"79":0,"80":0,"81":0,"82":0,"83":0,"84":0,"85":0,"86":0,"87":0,"88":0,"89":0,"90":0,"91":0,"92":0,"93":0,"94":0,"95":0,"96":0,"97":0,"98":0,"99":0,"100":0,"101":0,"102":0,"103":0,"104":0,"105":0,"106":0,"107":0,"108":0,"109":0,"110":0,"111":0,"112":0,"113":0,"114":0,"115":0,"116":0,"117":0,"118":0},"f":{"0":0,"1":0,"2":0,"3":0,"4":0,"5":0,"6":0,"7":0,"8":0,"9":0,"10":0,"11":0,"12":0,"13":0,"14":0,"15":0},"b":{"0":[0,0],"1":[0,0],"2":[0,0],"3":[0,0],"4":[0,0],"5":[0,0],"6":[0],"7":[0,0],"8":[0,0],"9":[0,0],"10":[0],"11":[0],"12":[0,0],"13":[0],"14":[0,0],"15":[0,0],"16":[0,0],"17":[0],"18":[0],"19":[0,0],"20":[0],"21":[0,0],"22":[0,0],"23":[0,0],"24":[0],"25":[0,0],"26":[0,0],"27":[0],"28":[0],"29":[0,0],"30":[0],"31":[0,0],"32":[0],"33":[0,0],"34":[0,0],"35":[0,0],"36":[0],"37":[0,0],"38":[0,0],"39":[0],"40":[0,0],"41":[0,0],"42":[0,0],"43":[0,0],"44":[0],"45":[0,0],"46":[0],"47":[0,0],"48":[0,0],"49":[0,0],"50":[0,0],"51":[0,0],"52":[0,0],"53":[0],"54":[0,0],"55":[0,0],"56":[0,0],"57":[0,0],"58":[0,0],"59":[0,0],"60":[0,0],"61":[0],"62":[0,0],"63":[0,0],"64":[0,0]}}
,"/Users/mauroociappina/Desktop/Dazlab/Proyecto 40/Repo/gravitad-040-2024-gravitad-generacio-actualizada-contenido-asist-de-escritura-plataforma/Req/backend/src/middleware/auth.middleware.ts": {"path":"/Users/mauroociappina/Desktop/Dazlab/Proyecto 40/Repo/gravitad-040-2024-gravitad-generacio-actualizada-contenido-asist-de-escritura-plataforma/Req/backend/src/middleware/auth.middleware.ts","statementMap":{"0":{"start":{"line":2,"column":0},"end":{"line":2,"column":64}},"1":{"start":{"line":3,"column":0},"end":{"line":3,"column":54}},"2":{"start":{"line":4,"column":0},"end":{"line":4,"column":51}},"3":{"start":{"line":6,"column":15},"end":{"line":6,"column":33}},"4":{"start":{"line":7,"column":20},"end":{"line":7,"column":43}},"5":{"start":{"line":12,"column":33},"end":{"line":70,"column":1}},"6":{"start":{"line":17,"column":2},"end":{"line":69,"column":3}},"7":{"start":{"line":18,"column":23},"end":{"line":18,"column":48}},"8":{"start":{"line":19,"column":18},"end":{"line":19,"column":63}},"9":{"start":{"line":21,"column":4},"end":{"line":31,"column":5}},"10":{"start":{"line":22,"column":6},"end":{"line":29,"column":9}},"11":{"start":{"line":30,"column":6},"end":{"line":30,"column":13}},"12":{"start":{"line":34,"column":32},"end":{"line":34,"column":67}},"13":{"start":{"line":37,"column":17},"end":{"line":37,"column":62}},"14":{"start":{"line":38,"column":4},"end":{"line":48,"column":5}},"15":{"start":{"line":39,"column":6},"end":{"line":46,"column":9}},"16":{"start":{"line":47,"column":6},"end":{"line":47,"column":13}},"17":{"start":{"line":51,"column":4},"end":{"line":51,"column":20}},"18":{"start":{"line":53,"column":4},"end":{"line":53,"column":11}},"19":{"start":{"line":55,"column":18},"end":{"line":55,"column":42}},"20":{"start":{"line":57,"column":4},"end":{"line":59,"column":5}},"21":{"start":{"line":58,"column":6},"end":{"line":58,"column":30}},"22":{"start":{"line":61,"column":4},"end":{"line":68,"column":7}},"23":{"start":{"line":12,"column":13},"end":{"line":12,"column":33}},"24":{"start":{"line":75,"column":28},"end":{"line":98,"column":1}},"25":{"start":{"line":80,"column":2},"end":{"line":97,"column":3}},"26":{"start":{"line":81,"column":23},"end":{"line":81,"column":48}},"27":{"start":{"line":82,"column":18},"end":{"line":82,"column":63}},"28":{"start":{"line":84,"column":4},"end":{"line":91,"column":5}},"29":{"start":{"line":85,"column":34},"end":{"line":85,"column":69}},"30":{"start":{"line":86,"column":19},"end":{"line":86,"column":64}},"31":{"start":{"line":88,"column":6},"end":{"line":90,"column":7}},"32":{"start":{"line":89,"column":8},"end":{"line":89,"column":24}},"33":{"start":{"line":93,"column":4},"end":{"line":93,"column":11}},"34":{"start":{"line":96,"column":4},"end":{"line":96,"column":11}},"35":{"start":{"line":75,"column":13},"end":{"line":75,"column":28}}},"fnMap":{"0":{"name":"(anonymous_0)","decl":{"start":{"line":12,"column":33},"end":{"line":12,"column":38}},"loc":{"start":{"line":16,"column":19},"end":{"line":70,"column":1}}},"1":{"name":"(anonymous_1)","decl":{"start":{"line":75,"column":28},"end":{"line":75,"column":33}},"loc":{"start":{"line":79,"column":19},"end":{"line":98,"column":1}}}},"branchMap":{"0":{"loc":{"start":{"line":21,"column":4},"end":{"line":31,"column":5}},"type":"if","locations":[{"start":{"line":21,"column":4},"end":{"line":31,"column":5}}]},"1":{"loc":{"start":{"line":27,"column":21},"end":{"line":27,"column":61}},"type":"binary-expr","locations":[{"start":{"line":27,"column":21},"end":{"line":27,"column":48}},{"start":{"line":27,"column":52},"end":{"line":27,"column":61}}]},"2":{"loc":{"start":{"line":38,"column":4},"end":{"line":48,"column":5}},"type":"if","locations":[{"start":{"line":38,"column":4},"end":{"line":48,"column":5}}]},"3":{"loc":{"start":{"line":38,"column":8},"end":{"line":38,"column":31}},"type":"binary-expr","locations":[{"start":{"line":38,"column":8},"end":{"line":38,"column":13}},{"start":{"line":38,"column":17},"end":{"line":38,"column":31}}]},"4":{"loc":{"start":{"line":44,"column":21},"end":{"line":44,"column":61}},"type":"binary-expr","locations":[{"start":{"line":44,"column":21},"end":{"line":44,"column":48}},{"start":{"line":44,"column":52},"end":{"line":44,"column":61}}]},"5":{"loc":{"start":{"line":57,"column":4},"end":{"line":59,"column":5}},"type":"if","locations":[{"start":{"line":57,"column":4},"end":{"line":59,"column":5}}]},"6":{"loc":{"start":{"line":66,"column":19},"end":{"line":66,"column":59}},"type":"binary-expr","locations":[{"start":{"line":66,"column":19},"end":{"line":66,"column":46}},{"start":{"line":66,"column":50},"end":{"line":66,"column":59}}]},"7":{"loc":{"start":{"line":84,"column":4},"end":{"line":91,"column":5}},"type":"if","locations":[{"start":{"line":84,"column":4},"end":{"line":91,"column":5}}]},"8":{"loc":{"start":{"line":88,"column":6},"end":{"line":90,"column":7}},"type":"if","locations":[{"start":{"line":88,"column":6},"end":{"line":90,"column":7}}]},"9":{"loc":{"start":{"line":88,"column":10},"end":{"line":88,"column":31}},"type":"binary-expr","locations":[{"start":{"line":88,"column":10},"end":{"line":88,"column":14}},{"start":{"line":88,"column":18},"end":{"line":88,"column":31}}]}},"s":{"0":0,"1":0,"2":0,"3":0,"4":0,"5":0,"6":0,"7":0,"8":0,"9":0,"10":0,"11":0,"12":0,"13":0,"14":0,"15":0,"16":0,"17":0,"18":0,"19":0,"20":0,"21":0,"22":0,"23":0,"24":0,"25":0,"26":0,"27":0,"28":0,"29":0,"30":0,"31":0,"32":0,"33":0,"34":0,"35":0},"f":{"0":0,"1":0},"b":{"0":[0],"1":[0,0],"2":[0],"3":[0,0],"4":[0,0],"5":[0],"6":[0,0],"7":[0],"8":[0],"9":[0,0]}}
,"/Users/mauroociappina/Desktop/Dazlab/Proyecto 40/Repo/gravitad-040-2024-gravitad-generacio-actualizada-contenido-asist-de-escritura-plataforma/Req/backend/src/middleware/authorization.middleware.ts": {"path":"/Users/mauroociappina/Desktop/Dazlab/Proyecto 40/Repo/gravitad-040-2024-gravitad-generacio-actualizada-contenido-asist-de-escritura-plataforma/Req/backend/src/middleware/authorization.middleware.ts","statementMap":{"0":{"start":{"line":2,"column":0},"end":{"line":2,"column":47}},"1":{"start":{"line":3,"column":0},"end":{"line":3,"column":null}},"2":{"start":{"line":16,"column":27},"end":{"line":50,"column":1}},"3":{"start":{"line":17,"column":2},"end":{"line":49,"column":4}},"4":{"start":{"line":18,"column":4},"end":{"line":28,"column":5}},"5":{"start":{"line":19,"column":6},"end":{"line":26,"column":9}},"6":{"start":{"line":27,"column":6},"end":{"line":27,"column":13}},"7":{"start":{"line":30,"column":21},"end":{"line":30,"column":46}},"8":{"start":{"line":32,"column":4},"end":{"line":46,"column":5}},"9":{"start":{"line":33,"column":6},"end":{"line":44,"column":9}},"10":{"start":{"line":45,"column":6},"end":{"line":45,"column":13}},"11":{"start":{"line":48,"column":4},"end":{"line":48,"column":11}},"12":{"start":{"line":16,"column":13},"end":{"line":16,"column":27}},"13":{"start":{"line":55,"column":33},"end":{"line":95,"column":1}},"14":{"start":{"line":56,"column":2},"end":{"line":94,"column":4}},"15":{"start":{"line":57,"column":4},"end":{"line":67,"column":5}},"16":{"start":{"line":58,"column":6},"end":{"line":65,"column":9}},"17":{"start":{"line":66,"column":6},"end":{"line":66,"column":13}},"18":{"start":{"line":69,"column":21},"end":{"line":69,"column":46}},"19":{"start":{"line":70,"column":28},"end":{"line":70,"column":60}},"20":{"start":{"line":72,"column":30},"end":{"line":73,"column":null}},"21":{"start":{"line":73,"column":6},"end":{"line":73,"column":42}},"22":{"start":{"line":76,"column":4},"end":{"line":91,"column":5}},"23":{"start":{"line":77,"column":6},"end":{"line":89,"column":9}},"24":{"start":{"line":90,"column":6},"end":{"line":90,"column":13}},"25":{"start":{"line":93,"column":4},"end":{"line":93,"column":11}},"26":{"start":{"line":55,"column":13},"end":{"line":55,"column":33}},"27":{"start":{"line":100,"column":39},"end":{"line":149,"column":1}},"28":{"start":{"line":101,"column":2},"end":{"line":148,"column":4}},"29":{"start":{"line":102,"column":4},"end":{"line":112,"column":5}},"30":{"start":{"line":103,"column":6},"end":{"line":110,"column":9}},"31":{"start":{"line":111,"column":6},"end":{"line":111,"column":13}},"32":{"start":{"line":114,"column":21},"end":{"line":114,"column":46}},"33":{"start":{"line":117,"column":4},"end":{"line":120,"column":5}},"34":{"start":{"line":118,"column":6},"end":{"line":118,"column":13}},"35":{"start":{"line":119,"column":6},"end":{"line":119,"column":13}},"36":{"start":{"line":122,"column":4},"end":{"line":147,"column":5}},"37":{"start":{"line":123,"column":30},"end":{"line":123,"column":59}},"38":{"start":{"line":125,"column":6},"end":{"line":135,"column":7}},"39":{"start":{"line":126,"column":8},"end":{"line":133,"column":11}},"40":{"start":{"line":134,"column":8},"end":{"line":134,"column":15}},"41":{"start":{"line":137,"column":6},"end":{"line":137,"column":13}},"42":{"start":{"line":139,"column":6},"end":{"line":146,"column":9}},"43":{"start":{"line":100,"column":13},"end":{"line":100,"column":39}},"44":{"start":{"line":154,"column":29},"end":{"line":157,"column":1}},"45":{"start":{"line":155,"column":26},"end":{"line":155,"column":58}},"46":{"start":{"line":156,"column":2},"end":{"line":156,"column":46}},"47":{"start":{"line":154,"column":13},"end":{"line":154,"column":29}},"48":{"start":{"line":162,"column":34},"end":{"line":164,"column":1}},"49":{"start":{"line":163,"column":2},"end":{"line":163,"column":38}},"50":{"start":{"line":162,"column":13},"end":{"line":162,"column":34}},"51":{"start":{"line":169,"column":32},"end":{"line":171,"column":1}},"52":{"start":{"line":170,"column":2},"end":{"line":170,"column":55}},"53":{"start":{"line":169,"column":13},"end":{"line":169,"column":32}},"54":{"start":{"line":176,"column":27},"end":{"line":184,"column":1}},"55":{"start":{"line":177,"column":2},"end":{"line":183,"column":4}},"56":{"start":{"line":176,"column":13},"end":{"line":176,"column":27}},"57":{"start":{"line":189,"column":31},"end":{"line":191,"column":1}},"58":{"start":{"line":190,"column":2},"end":{"line":190,"column":64}},"59":{"start":{"line":190,"column":45},"end":{"line":190,"column":62}},"60":{"start":{"line":189,"column":13},"end":{"line":189,"column":31}},"61":{"start":{"line":196,"column":33},"end":{"line":203,"column":1}},"62":{"start":{"line":197,"column":21},"end":{"line":197,"column":42}},"63":{"start":{"line":198,"column":2},"end":{"line":202,"column":4}},"64":{"start":{"line":196,"column":13},"end":{"line":196,"column":33}},"65":{"start":{"line":208,"column":37},"end":{"line":212,"column":1}},"66":{"start":{"line":209,"column":2},"end":{"line":211,"column":4}},"67":{"start":{"line":210,"column":4},"end":{"line":210,"column":47}},"68":{"start":{"line":208,"column":13},"end":{"line":208,"column":37}},"69":{"start":{"line":218,"column":29},"end":{"line":231,"column":1}},"70":{"start":{"line":220,"column":2},"end":{"line":222,"column":3}},"71":{"start":{"line":221,"column":4},"end":{"line":221,"column":16}},"72":{"start":{"line":225,"column":2},"end":{"line":227,"column":3}},"73":{"start":{"line":226,"column":4},"end":{"line":226,"column":74}},"74":{"start":{"line":230,"column":2},"end":{"line":230,"column":15}},"75":{"start":{"line":218,"column":13},"end":{"line":218,"column":29}},"76":{"start":{"line":236,"column":37},"end":{"line":283,"column":1}},"77":{"start":{"line":237,"column":2},"end":{"line":282,"column":4}},"78":{"start":{"line":238,"column":4},"end":{"line":248,"column":5}},"79":{"start":{"line":239,"column":6},"end":{"line":246,"column":9}},"80":{"start":{"line":247,"column":6},"end":{"line":247,"column":13}},"81":{"start":{"line":250,"column":4},"end":{"line":281,"column":5}},"82":{"start":{"line":251,"column":23},"end":{"line":251,"column":48}},"83":{"start":{"line":252,"column":25},"end":{"line":252,"column":49}},"84":{"start":{"line":254,"column":6},"end":{"line":268,"column":7}},"85":{"start":{"line":255,"column":8},"end":{"line":266,"column":11}},"86":{"start":{"line":267,"column":8},"end":{"line":267,"column":15}},"87":{"start":{"line":270,"column":6},"end":{"line":270,"column":13}},"88":{"start":{"line":272,"column":6},"end":{"line":280,"column":9}},"89":{"start":{"line":236,"column":13},"end":{"line":236,"column":37}}},"fnMap":{"0":{"name":"(anonymous_0)","decl":{"start":{"line":16,"column":27},"end":{"line":16,"column":28}},"loc":{"start":{"line":16,"column":59},"end":{"line":50,"column":1}}},"1":{"name":"(anonymous_1)","decl":{"start":{"line":17,"column":9},"end":{"line":17,"column":10}},"loc":{"start":{"line":17,"column":67},"end":{"line":49,"column":3}}},"2":{"name":"(anonymous_2)","decl":{"start":{"line":55,"column":33},"end":{"line":55,"column":34}},"loc":{"start":{"line":55,"column":74},"end":{"line":95,"column":1}}},"3":{"name":"(anonymous_3)","decl":{"start":{"line":56,"column":9},"end":{"line":56,"column":10}},"loc":{"start":{"line":56,"column":67},"end":{"line":94,"column":3}}},"4":{"name":"(anonymous_4)","decl":{"start":{"line":72,"column":56},"end":{"line":72,"column":66}},"loc":{"start":{"line":73,"column":6},"end":{"line":73,"column":42}}},"5":{"name":"(anonymous_5)","decl":{"start":{"line":100,"column":39},"end":{"line":100,"column":40}},"loc":{"start":{"line":100,"column":107},"end":{"line":149,"column":1}}},"6":{"name":"(anonymous_6)","decl":{"start":{"line":101,"column":9},"end":{"line":101,"column":14}},"loc":{"start":{"line":101,"column":82},"end":{"line":148,"column":3}}},"7":{"name":"(anonymous_7)","decl":{"start":{"line":154,"column":29},"end":{"line":154,"column":30}},"loc":{"start":{"line":154,"column":85},"end":{"line":157,"column":1}}},"8":{"name":"(anonymous_8)","decl":{"start":{"line":162,"column":34},"end":{"line":162,"column":35}},"loc":{"start":{"line":162,"column":76},"end":{"line":164,"column":1}}},"9":{"name":"(anonymous_9)","decl":{"start":{"line":169,"column":32},"end":{"line":169,"column":33}},"loc":{"start":{"line":169,"column":78},"end":{"line":171,"column":1}}},"10":{"name":"(anonymous_10)","decl":{"start":{"line":176,"column":27},"end":{"line":176,"column":28}},"loc":{"start":{"line":176,"column":56},"end":{"line":184,"column":1}}},"11":{"name":"(anonymous_11)","decl":{"start":{"line":189,"column":31},"end":{"line":189,"column":46}},"loc":{"start":{"line":189,"column":48},"end":{"line":191,"column":1}}},"12":{"name":"(anonymous_12)","decl":{"start":{"line":190,"column":37},"end":{"line":190,"column":41}},"loc":{"start":{"line":190,"column":45},"end":{"line":190,"column":62}}},"13":{"name":"(anonymous_13)","decl":{"start":{"line":196,"column":33},"end":{"line":196,"column":34}},"loc":{"start":{"line":196,"column":76},"end":{"line":203,"column":1}}},"14":{"name":"(anonymous_14)","decl":{"start":{"line":208,"column":37},"end":{"line":208,"column":58}},"loc":{"start":{"line":208,"column":60},"end":{"line":212,"column":1}}},"15":{"name":"(anonymous_15)","decl":{"start":{"line":209,"column":50},"end":{"line":209,"column":60}},"loc":{"start":{"line":210,"column":4},"end":{"line":210,"column":47}}},"16":{"name":"(anonymous_16)","decl":{"start":{"line":218,"column":29},"end":{"line":218,"column":30}},"loc":{"start":{"line":218,"column":86},"end":{"line":231,"column":1}}},"17":{"name":"(anonymous_17)","decl":{"start":{"line":236,"column":37},"end":{"line":236,"column":38}},"loc":{"start":{"line":236,"column":104},"end":{"line":283,"column":1}}},"18":{"name":"(anonymous_18)","decl":{"start":{"line":237,"column":9},"end":{"line":237,"column":14}},"loc":{"start":{"line":237,"column":82},"end":{"line":282,"column":3}}}},"branchMap":{"0":{"loc":{"start":{"line":18,"column":4},"end":{"line":28,"column":5}},"type":"if","locations":[{"start":{"line":18,"column":4},"end":{"line":28,"column":5}}]},"1":{"loc":{"start":{"line":24,"column":21},"end":{"line":24,"column":61}},"type":"binary-expr","locations":[{"start":{"line":24,"column":21},"end":{"line":24,"column":48}},{"start":{"line":24,"column":52},"end":{"line":24,"column":61}}]},"2":{"loc":{"start":{"line":32,"column":4},"end":{"line":46,"column":5}},"type":"if","locations":[{"start":{"line":32,"column":4},"end":{"line":46,"column":5}}]},"3":{"loc":{"start":{"line":42,"column":21},"end":{"line":42,"column":61}},"type":"binary-expr","locations":[{"start":{"line":42,"column":21},"end":{"line":42,"column":48}},{"start":{"line":42,"column":52},"end":{"line":42,"column":61}}]},"4":{"loc":{"start":{"line":57,"column":4},"end":{"line":67,"column":5}},"type":"if","locations":[{"start":{"line":57,"column":4},"end":{"line":67,"column":5}}]},"5":{"loc":{"start":{"line":63,"column":21},"end":{"line":63,"column":61}},"type":"binary-expr","locations":[{"start":{"line":63,"column":21},"end":{"line":63,"column":48}},{"start":{"line":63,"column":52},"end":{"line":63,"column":61}}]},"6":{"loc":{"start":{"line":70,"column":28},"end":{"line":70,"column":60}},"type":"binary-expr","locations":[{"start":{"line":70,"column":28},"end":{"line":70,"column":54}},{"start":{"line":70,"column":58},"end":{"line":70,"column":60}}]},"7":{"loc":{"start":{"line":76,"column":4},"end":{"line":91,"column":5}},"type":"if","locations":[{"start":{"line":76,"column":4},"end":{"line":91,"column":5}}]},"8":{"loc":{"start":{"line":87,"column":21},"end":{"line":87,"column":61}},"type":"binary-expr","locations":[{"start":{"line":87,"column":21},"end":{"line":87,"column":48}},{"start":{"line":87,"column":52},"end":{"line":87,"column":61}}]},"9":{"loc":{"start":{"line":102,"column":4},"end":{"line":112,"column":5}},"type":"if","locations":[{"start":{"line":102,"column":4},"end":{"line":112,"column":5}}]},"10":{"loc":{"start":{"line":108,"column":21},"end":{"line":108,"column":61}},"type":"binary-expr","locations":[{"start":{"line":108,"column":21},"end":{"line":108,"column":48}},{"start":{"line":108,"column":52},"end":{"line":108,"column":61}}]},"11":{"loc":{"start":{"line":117,"column":4},"end":{"line":120,"column":5}},"type":"if","locations":[{"start":{"line":117,"column":4},"end":{"line":120,"column":5}}]},"12":{"loc":{"start":{"line":125,"column":6},"end":{"line":135,"column":7}},"type":"if","locations":[{"start":{"line":125,"column":6},"end":{"line":135,"column":7}}]},"13":{"loc":{"start":{"line":131,"column":23},"end":{"line":131,"column":63}},"type":"binary-expr","locations":[{"start":{"line":131,"column":23},"end":{"line":131,"column":50}},{"start":{"line":131,"column":54},"end":{"line":131,"column":63}}]},"14":{"loc":{"start":{"line":144,"column":21},"end":{"line":144,"column":61}},"type":"binary-expr","locations":[{"start":{"line":144,"column":21},"end":{"line":144,"column":48}},{"start":{"line":144,"column":52},"end":{"line":144,"column":61}}]},"15":{"loc":{"start":{"line":155,"column":26},"end":{"line":155,"column":58}},"type":"binary-expr","locations":[{"start":{"line":155,"column":26},"end":{"line":155,"column":52}},{"start":{"line":155,"column":56},"end":{"line":155,"column":58}}]},"16":{"loc":{"start":{"line":163,"column":9},"end":{"line":163,"column":37}},"type":"binary-expr","locations":[{"start":{"line":163,"column":9},"end":{"line":163,"column":31}},{"start":{"line":163,"column":35},"end":{"line":163,"column":37}}]},"17":{"loc":{"start":{"line":181,"column":17},"end":{"line":181,"column":45}},"type":"binary-expr","locations":[{"start":{"line":181,"column":17},"end":{"line":181,"column":39}},{"start":{"line":181,"column":43},"end":{"line":181,"column":45}}]},"18":{"loc":{"start":{"line":220,"column":2},"end":{"line":222,"column":3}},"type":"if","locations":[{"start":{"line":220,"column":2},"end":{"line":222,"column":3}}]},"19":{"loc":{"start":{"line":225,"column":2},"end":{"line":227,"column":3}},"type":"if","locations":[{"start":{"line":225,"column":2},"end":{"line":227,"column":3}}]},"20":{"loc":{"start":{"line":226,"column":11},"end":{"line":226,"column":73}},"type":"binary-expr","locations":[{"start":{"line":226,"column":11},"end":{"line":226,"column":39}},{"start":{"line":226,"column":43},"end":{"line":226,"column":73}}]},"21":{"loc":{"start":{"line":238,"column":4},"end":{"line":248,"column":5}},"type":"if","locations":[{"start":{"line":238,"column":4},"end":{"line":248,"column":5}}]},"22":{"loc":{"start":{"line":244,"column":21},"end":{"line":244,"column":61}},"type":"binary-expr","locations":[{"start":{"line":244,"column":21},"end":{"line":244,"column":48}},{"start":{"line":244,"column":52},"end":{"line":244,"column":61}}]},"23":{"loc":{"start":{"line":254,"column":6},"end":{"line":268,"column":7}},"type":"if","locations":[{"start":{"line":254,"column":6},"end":{"line":268,"column":7}}]},"24":{"loc":{"start":{"line":264,"column":23},"end":{"line":264,"column":63}},"type":"binary-expr","locations":[{"start":{"line":264,"column":23},"end":{"line":264,"column":50}},{"start":{"line":264,"column":54},"end":{"line":264,"column":63}}]},"25":{"loc":{"start":{"line":276,"column":19},"end":{"line":276,"column":79}},"type":"cond-expr","locations":[{"start":{"line":276,"column":44},"end":{"line":276,"column":57}},{"start":{"line":276,"column":60},"end":{"line":276,"column":79}}]},"26":{"loc":{"start":{"line":278,"column":21},"end":{"line":278,"column":61}},"type":"binary-expr","locations":[{"start":{"line":278,"column":21},"end":{"line":278,"column":48}},{"start":{"line":278,"column":52},"end":{"line":278,"column":61}}]}},"s":{"0":0,"1":0,"2":0,"3":0,"4":0,"5":0,"6":0,"7":0,"8":0,"9":0,"10":0,"11":0,"12":0,"13":0,"14":0,"15":0,"16":0,"17":0,"18":0,"19":0,"20":0,"21":0,"22":0,"23":0,"24":0,"25":0,"26":0,"27":0,"28":0,"29":0,"30":0,"31":0,"32":0,"33":0,"34":0,"35":0,"36":0,"37":0,"38":0,"39":0,"40":0,"41":0,"42":0,"43":0,"44":0,"45":0,"46":0,"47":0,"48":0,"49":0,"50":0,"51":0,"52":0,"53":0,"54":0,"55":0,"56":0,"57":0,"58":0,"59":0,"60":0,"61":0,"62":0,"63":0,"64":0,"65":0,"66":0,"67":0,"68":0,"69":0,"70":0,"71":0,"72":0,"73":0,"74":0,"75":0,"76":0,"77":0,"78":0,"79":0,"80":0,"81":0,"82":0,"83":0,"84":0,"85":0,"86":0,"87":0,"88":0,"89":0},"f":{"0":0,"1":0,"2":0,"3":0,"4":0,"5":0,"6":0,"7":0,"8":0,"9":0,"10":0,"11":0,"12":0,"13":0,"14":0,"15":0,"16":0,"17":0,"18":0},"b":{"0":[0],"1":[0,0],"2":[0],"3":[0,0],"4":[0],"5":[0,0],"6":[0,0],"7":[0],"8":[0,0],"9":[0],"10":[0,0],"11":[0],"12":[0],"13":[0,0],"14":[0,0],"15":[0,0],"16":[0,0],"17":[0,0],"18":[0],"19":[0],"20":[0,0],"21":[0],"22":[0,0],"23":[0],"24":[0,0],"25":[0,0],"26":[0,0]}}
,"/Users/mauroociappina/Desktop/Dazlab/Proyecto 40/Repo/gravitad-040-2024-gravitad-generacio-actualizada-contenido-asist-de-escritura-plataforma/Req/backend/src/routes/auth.routes.ts": {"path":"/Users/mauroociappina/Desktop/Dazlab/Proyecto 40/Repo/gravitad-040-2024-gravitad-generacio-actualizada-contenido-asist-de-escritura-plataforma/Req/backend/src/routes/auth.routes.ts","statementMap":{"0":{"start":{"line":1,"column":0},"end":{"line":1,"column":33}},"1":{"start":{"line":2,"column":0},"end":{"line":2,"column":63}},"2":{"start":{"line":3,"column":0},"end":{"line":3,"column":65}},"3":{"start":{"line":5,"column":15},"end":{"line":5,"column":23}},"4":{"start":{"line":54,"column":0},"end":{"line":54,"column":44}},"5":{"start":{"line":93,"column":0},"end":{"line":93,"column":53}},"6":{"start":{"line":119,"column":0},"end":{"line":119,"column":65}},"7":{"start":{"line":147,"column":0},"end":{"line":147,"column":56}},"8":{"start":{"line":149,"column":0},"end":{"line":149,"column":22}}},"fnMap":{},"branchMap":{},"s":{"0":0,"1":0,"2":0,"3":0,"4":0,"5":0,"6":0,"7":0,"8":0},"f":{},"b":{}}
,"/Users/mauroociappina/Desktop/Dazlab/Proyecto 40/Repo/gravitad-040-2024-gravitad-generacio-actualizada-contenido-asist-de-escritura-plataforma/Req/backend/src/routes/user.routes.ts": {"path":"/Users/mauroociappina/Desktop/Dazlab/Proyecto 40/Repo/gravitad-040-2024-gravitad-generacio-actualizada-contenido-asist-de-escritura-plataforma/Req/backend/src/routes/user.routes.ts","statementMap":{"0":{"start":{"line":1,"column":0},"end":{"line":1,"column":33}},"1":{"start":{"line":2,"column":0},"end":{"line":2,"column":63}},"2":{"start":{"line":3,"column":0},"end":{"line":3,"column":65}},"3":{"start":{"line":4,"column":0},"end":{"line":4,"column":87}},"4":{"start":{"line":5,"column":0},"end":{"line":5,"column":47}},"5":{"start":{"line":7,"column":15},"end":{"line":7,"column":23}},"6":{"start":{"line":10,"column":0},"end":{"line":10,"column":30}},"7":{"start":{"line":39,"column":0},"end":{"line":39,"column":79}},"8":{"start":{"line":79,"column":0},"end":{"line":79,"column":121}},"9":{"start":{"line":120,"column":0},"end":{"line":120,"column":91}},"10":{"start":{"line":155,"column":0},"end":{"line":155,"column":117}},"11":{"start":{"line":192,"column":0},"end":{"line":192,"column":100}},"12":{"start":{"line":255,"column":0},"end":{"line":255,"column":74}},"13":{"start":{"line":292,"column":0},"end":{"line":292,"column":80}},"14":{"start":{"line":354,"column":0},"end":{"line":354,"column":79}},"15":{"start":{"line":412,"column":0},"end":{"line":412,"column":81}},"16":{"start":{"line":468,"column":0},"end":{"line":468,"column":78}},"17":{"start":{"line":509,"column":0},"end":{"line":509,"column":115}},"18":{"start":{"line":548,"column":0},"end":{"line":548,"column":84}},"19":{"start":{"line":550,"column":0},"end":{"line":550,"column":22}}},"fnMap":{},"branchMap":{},"s":{"0":0,"1":0,"2":0,"3":0,"4":0,"5":0,"6":0,"7":0,"8":0,"9":0,"10":0,"11":0,"12":0,"13":0,"14":0,"15":0,"16":0,"17":0,"18":0,"19":0},"f":{},"b":{}}
,"/Users/mauroociappina/Desktop/Dazlab/Proyecto 40/Repo/gravitad-040-2024-gravitad-generacio-actualizada-contenido-asist-de-escritura-plataforma/Req/backend/src/services/jwt.service.ts": {"path":"/Users/mauroociappina/Desktop/Dazlab/Proyecto 40/Repo/gravitad-040-2024-gravitad-generacio-actualizada-contenido-asist-de-escritura-plataforma/Req/backend/src/services/jwt.service.ts","statementMap":{"0":{"start":{"line":1,"column":0},"end":{"line":1,"column":31}},"1":{"start":{"line":27,"column":46},"end":{"line":31,"column":6}},"2":{"start":{"line":33,"column":24},"end":{"line":36,"column":null}},"3":{"start":{"line":39,"column":25},"end":{"line":42,"column":null}},"4":{"start":{"line":45,"column":4},"end":{"line":49,"column":6}},"5":{"start":{"line":56,"column":4},"end":{"line":72,"column":5}},"6":{"start":{"line":57,"column":22},"end":{"line":57,"column":79}},"7":{"start":{"line":59,"column":6},"end":{"line":61,"column":7}},"8":{"start":{"line":60,"column":8},"end":{"line":60,"column":59}},"9":{"start":{"line":63,"column":6},"end":{"line":63,"column":21}},"10":{"start":{"line":65,"column":6},"end":{"line":67,"column":7}},"11":{"start":{"line":66,"column":8},"end":{"line":66,"column":42}},"12":{"start":{"line":68,"column":6},"end":{"line":70,"column":7}},"13":{"start":{"line":69,"column":8},"end":{"line":69,"column":42}},"14":{"start":{"line":71,"column":6},"end":{"line":71,"column":18}},"15":{"start":{"line":79,"column":4},"end":{"line":95,"column":5}},"16":{"start":{"line":80,"column":22},"end":{"line":80,"column":80}},"17":{"start":{"line":82,"column":6},"end":{"line":84,"column":7}},"18":{"start":{"line":83,"column":8},"end":{"line":83,"column":59}},"19":{"start":{"line":86,"column":6},"end":{"line":86,"column":21}},"20":{"start":{"line":88,"column":6},"end":{"line":90,"column":7}},"21":{"start":{"line":89,"column":8},"end":{"line":89,"column":50}},"22":{"start":{"line":91,"column":6},"end":{"line":93,"column":7}},"23":{"start":{"line":92,"column":8},"end":{"line":92,"column":50}},"24":{"start":{"line":94,"column":6},"end":{"line":94,"column":18}},"25":{"start":{"line":102,"column":4},"end":{"line":104,"column":5}},"26":{"start":{"line":103,"column":6},"end":{"line":103,"column":18}},"27":{"start":{"line":106,"column":18},"end":{"line":106,"column":39}},"28":{"start":{"line":107,"column":4},"end":{"line":109,"column":5}},"29":{"start":{"line":108,"column":6},"end":{"line":108,"column":18}},"30":{"start":{"line":111,"column":4},"end":{"line":111,"column":20}},"31":{"start":{"line":118,"column":20},"end":{"line":118,"column":57}},"32":{"start":{"line":120,"column":35},"end":{"line":125,"column":6}},"33":{"start":{"line":127,"column":4},"end":{"line":129,"column":7}},"34":{"start":{"line":136,"column":4},"end":{"line":140,"column":5}},"35":{"start":{"line":137,"column":6},"end":{"line":137,"column":45}},"36":{"start":{"line":139,"column":6},"end":{"line":139,"column":18}},"37":{"start":{"line":17,"column":0},"end":{"line":17,"column":13}},"38":{"start":{"line":18,"column":26},"end":{"line":18,"column":101}},"39":{"start":{"line":19,"column":26},"end":{"line":19,"column":104}},"40":{"start":{"line":20,"column":26},"end":{"line":20,"column":58}},"41":{"start":{"line":21,"column":26},"end":{"line":21,"column":58}}},"fnMap":{"0":{"name":"(anonymous_1)","decl":{"start":{"line":26,"column":2},"end":{"line":26,"column":8}},"loc":{"start":{"line":26,"column":45},"end":{"line":50,"column":3}}},"1":{"name":"(anonymous_2)","decl":{"start":{"line":55,"column":2},"end":{"line":55,"column":8}},"loc":{"start":{"line":55,"column":40},"end":{"line":73,"column":3}}},"2":{"name":"(anonymous_3)","decl":{"start":{"line":78,"column":2},"end":{"line":78,"column":8}},"loc":{"start":{"line":78,"column":41},"end":{"line":96,"column":3}}},"3":{"name":"(anonymous_4)","decl":{"start":{"line":101,"column":2},"end":{"line":101,"column":8}},"loc":{"start":{"line":101,"column":62},"end":{"line":112,"column":3}}},"4":{"name":"(anonymous_5)","decl":{"start":{"line":117,"column":2},"end":{"line":117,"column":8}},"loc":{"start":{"line":117,"column":48},"end":{"line":130,"column":3}}},"5":{"name":"(anonymous_6)","decl":{"start":{"line":135,"column":2},"end":{"line":135,"column":8}},"loc":{"start":{"line":135,"column":34},"end":{"line":141,"column":3}}}},"branchMap":{"0":{"loc":{"start":{"line":59,"column":6},"end":{"line":61,"column":7}},"type":"if","locations":[{"start":{"line":59,"column":6},"end":{"line":61,"column":7}}]},"1":{"loc":{"start":{"line":65,"column":6},"end":{"line":67,"column":7}},"type":"if","locations":[{"start":{"line":65,"column":6},"end":{"line":67,"column":7}}]},"2":{"loc":{"start":{"line":68,"column":6},"end":{"line":70,"column":7}},"type":"if","locations":[{"start":{"line":68,"column":6},"end":{"line":70,"column":7}}]},"3":{"loc":{"start":{"line":82,"column":6},"end":{"line":84,"column":7}},"type":"if","locations":[{"start":{"line":82,"column":6},"end":{"line":84,"column":7}}]},"4":{"loc":{"start":{"line":88,"column":6},"end":{"line":90,"column":7}},"type":"if","locations":[{"start":{"line":88,"column":6},"end":{"line":90,"column":7}}]},"5":{"loc":{"start":{"line":91,"column":6},"end":{"line":93,"column":7}},"type":"if","locations":[{"start":{"line":91,"column":6},"end":{"line":93,"column":7}}]},"6":{"loc":{"start":{"line":102,"column":4},"end":{"line":104,"column":5}},"type":"if","locations":[{"start":{"line":102,"column":4},"end":{"line":104,"column":5}}]},"7":{"loc":{"start":{"line":107,"column":4},"end":{"line":109,"column":5}},"type":"if","locations":[{"start":{"line":107,"column":4},"end":{"line":109,"column":5}}]},"8":{"loc":{"start":{"line":107,"column":8},"end":{"line":107,"column":51}},"type":"binary-expr","locations":[{"start":{"line":107,"column":8},"end":{"line":107,"column":26}},{"start":{"line":107,"column":30},"end":{"line":107,"column":51}}]},"9":{"loc":{"start":{"line":18,"column":48},"end":{"line":18,"column":100}},"type":"binary-expr","locations":[{"start":{"line":18,"column":48},"end":{"line":18,"column":77}},{"start":{"line":18,"column":81},"end":{"line":18,"column":100}}]},"10":{"loc":{"start":{"line":19,"column":49},"end":{"line":19,"column":103}},"type":"binary-expr","locations":[{"start":{"line":19,"column":49},"end":{"line":19,"column":79}},{"start":{"line":19,"column":83},"end":{"line":19,"column":103}}]}},"s":{"0":1,"1":9,"2":9,"3":9,"4":9,"5":5,"6":5,"7":2,"8":0,"9":2,"10":3,"11":3,"12":0,"13":0,"14":0,"15":5,"16":5,"17":2,"18":0,"19":2,"20":3,"21":3,"22":0,"23":0,"24":0,"25":4,"26":1,"27":3,"28":3,"29":2,"30":1,"31":2,"32":1,"33":1,"34":2,"35":2,"36":0,"37":1,"38":1,"39":1,"40":1,"41":1},"f":{"0":9,"1":5,"2":5,"3":4,"4":2,"5":2},"b":{"0":[0],"1":[3],"2":[0],"3":[0],"4":[3],"5":[0],"6":[1],"7":[2],"8":[3,2],"9":[1,0],"10":[1,0]}}
,"/Users/mauroociappina/Desktop/Dazlab/Proyecto 40/Repo/gravitad-040-2024-gravitad-generacio-actualizada-contenido-asist-de-escritura-plataforma/Req/backend/src/services/password.service.ts": {"path":"/Users/mauroociappina/Desktop/Dazlab/Proyecto 40/Repo/gravitad-040-2024-gravitad-generacio-actualizada-contenido-asist-de-escritura-plataforma/Req/backend/src/services/password.service.ts","statementMap":{"0":{"start":{"line":1,"column":0},"end":{"line":1,"column":28}},"1":{"start":{"line":10,"column":4},"end":{"line":15,"column":5}},"2":{"start":{"line":11,"column":19},"end":{"line":11,"column":57}},"3":{"start":{"line":12,"column":6},"end":{"line":12,"column":47}},"4":{"start":{"line":14,"column":6},"end":{"line":14,"column":58}},"5":{"start":{"line":22,"column":4},"end":{"line":26,"column":5}},"6":{"start":{"line":23,"column":6},"end":{"line":23,"column":50}},"7":{"start":{"line":25,"column":6},"end":{"line":25,"column":58}},"8":{"start":{"line":36,"column":29},"end":{"line":36,"column":31}},"9":{"start":{"line":38,"column":4},"end":{"line":40,"column":5}},"10":{"start":{"line":39,"column":6},"end":{"line":39,"column":68}},"11":{"start":{"line":42,"column":4},"end":{"line":44,"column":5}},"12":{"start":{"line":43,"column":6},"end":{"line":43,"column":78}},"13":{"start":{"line":46,"column":4},"end":{"line":48,"column":5}},"14":{"start":{"line":47,"column":6},"end":{"line":47,"column":78}},"15":{"start":{"line":50,"column":4},"end":{"line":52,"column":5}},"16":{"start":{"line":51,"column":6},"end":{"line":51,"column":68}},"17":{"start":{"line":54,"column":4},"end":{"line":56,"column":5}},"18":{"start":{"line":55,"column":6},"end":{"line":55,"column":79}},"19":{"start":{"line":58,"column":4},"end":{"line":61,"column":6}},"20":{"start":{"line":3,"column":0},"end":{"line":3,"column":13}},"21":{"start":{"line":4,"column":26},"end":{"line":4,"column":43}}},"fnMap":{"0":{"name":"(anonymous_1)","decl":{"start":{"line":9,"column":2},"end":{"line":9,"column":8}},"loc":{"start":{"line":9,"column":44},"end":{"line":16,"column":3}}},"1":{"name":"(anonymous_2)","decl":{"start":{"line":21,"column":2},"end":{"line":21,"column":8}},"loc":{"start":{"line":21,"column":60},"end":{"line":27,"column":3}}},"2":{"name":"(anonymous_3)","decl":{"start":{"line":32,"column":2},"end":{"line":32,"column":8}},"loc":{"start":{"line":32,"column":50},"end":{"line":62,"column":3}}}},"branch
[...]
,"/Users/mauroociappina/Desktop/Dazlab/Proyecto 40/Repo/gravitad-040-2024-gravitad-generacio-actualizada-contenido-asist-de-escritura-plataforma/Req/backend/src/types/index.ts": {"path":"/Users/mauroociappina/Desktop/Dazlab/Proyecto 40/Repo/gravitad-040-2024-gravitad-generacio-actualizada-contenido-asist-de-escritura-plataforma/Req/backend/src/types/index.ts","statementMap":{"0":{"start":{"line":4,"column":0},"end":{"line":4,"column":25}},"1":{"start":{"line":7,"column":0},"end":{"line":7,"column":23}}},"fnMap":{},"branchMap":{},"s":{"0":0,"1":0},"f":{},"b":{}}
,"/Users/mauroociappina/Desktop/Dazlab/Proyecto 40/Repo/gravitad-040-2024-gravitad-generacio-actualizada-contenido-asist-de-escritura-plataforma/Req/backend/src/types/roles.ts": {"path":"/Users/mauroociappina/Desktop/Dazlab/Proyecto 40/Repo/gravitad-040-2024-gravitad-generacio-actualizada-contenido-asist-de-escritura-plataforma/Req/backend/src/types/roles.ts","statementMap":{"0":{"start":{"line":1,"column":0},"end":{"line":1,"column":47}},"1":{"start":{"line":25,"column":13},"end":{"line":64,"column":2}},"2":{"start":{"line":69,"column":13},"end":{"line":74,"column":2}},"3":{"start":{"line":79,"column":13},"end":{"line":84,"column":2}},"4":{"start":{"line":89,"column":13},"end":{"line":104,"column":2}}},"fnMap":{},"branchMap":{},"s":{"0":0,"1":0,"2":0,"3":0,"4":0},"f":{},"b":{}}
,"/Users/mauroociappina/Desktop/Dazlab/Proyecto 40/Repo/gravitad-040-2024-gravitad-generacio-actualizada-contenido-asist-de-escritura-plataforma/Req/backend/src/types/user.ts": {"path":"/Users/mauroociappina/Desktop/Dazlab/Proyecto 40/Repo/gravitad-040-2024-gravitad-generacio-actualizada-contenido-asist-de-escritura-plataforma/Req/backend/src/types/user.ts","statementMap":{"0":{"start":{"line":1,"column":0},"end":{"line":1,"column":24}},"1":{"start":{"line":2,"column":0},"end":{"line":2,"column":45}},"2":{"start":{"line":5,"column":13},"end":{"line":11,"column":3}},"3":{"start":{"line":13,"column":13},"end":{"line":19,"column":3}},"4":{"start":{"line":21,"column":13},"end":{"line":24,"column":3}}},"fnMap":{},"branchMap":{},"s":{"0":1,"1":1,"2":1,"3":1,"4":1},"f":{},"b":{}}
,"/Users/mauroociappina/Desktop/Dazlab/Proyecto 40/Repo/gravitad-040-2024-gravitad-generacio-actualizada-contenido-asist-de-escritura-plataforma/Req/backend/src/utils/prisma-helpers.ts": {"path":"/Users/mauroociappina/Desktop/Dazlab/Proyecto 40/Repo/gravitad-040-2024-gravitad-generacio-actualizada-contenido-asist-de-escritura-plataforma/Req/backend/src/utils/prisma-helpers.ts","statementMap":{"0":{"start":{"line":6,"column":0},"end":{"line":6,"column":16}},"1":{"start":{"line":14,"column":0},"end":{"line":14,"column":16}},"2":{"start":{"line":38,"column":0},"end":{"line":38,"column":16}},"3":{"start":{"line":50,"column":0},"end":{"line":50,"column":16}},"4":{"start":{"line":61,"column":0},"end":{"line":61,"column":16}},"5":{"start":{"line":7,"column":15},"end":{"line":7,"column":33}},"6":{"start":{"line":8,"column":2},"end":{"line":8,"column":31}},"7":{"start":{"line":20,"column":21},"end":{"line":20,"column":45}},"8":{"start":{"line":22,"column":2},"end":{"line":32,"column":4}},"9":{"start":{"line":39,"column":15},"end":{"line":39,"column":62}},"10":{"start":{"line":40,"column":16},"end":{"line":40,"column":80}},"11":{"start":{"line":41,"column":17},"end":{"line":41,"column":53}},"12":{"start":{"line":42,"column":20},"end":{"line":42,"column":64}},"13":{"start":{"line":44,"column":2},"end":{"line":44,"column":44}},"14":{"start":{"line":53,"column":51},"end":{"line":53,"column":55}},"15":{"start":{"line":54,"column":2},"end":{"line":54,"column":20}},"16":{"start":{"line":55,"column":2},"end":{"line":55,"column":29}},"17":{"start":{"line":62,"column":2},"end":{"line":62,"column":44}},"18":{"start":{"line":62,"column":15},"end":{"line":62,"column":44}},"19":{"start":{"line":64,"column":2},"end":{"line":66,"column":4}}},"fnMap":{"0":{"name":"calculatePagination","decl":{"start":{"line":6,"column":16},"end":{"line":6,"column":35}},"loc":{"start":{"line":6,"column":72},"end":{"line":9,"column":1}}},"1":{"name":"createPaginatedResponse","decl":{"start":{"line":14,"column":16},"end":{"line":14,"column":39}},"loc":{"start":{"line":18,"column":20},"end":{"line":33,"column":1}}},"2":{"name":"parsePaginationParams","decl":{"start":{"line":38,"column":16},"end":{"line":38,"column":37}},"loc":{"start":{"line":38,"column":69},"end":{"line":45,"column":1}}},"3":{"name":"excludeUserPassword","decl":{"start":{"line":50,"column":16},"end":{"line":50,"column":35}},"loc":{"start":{"line":51,"column":9},"end":{"line":56,"column":1}}},"4":{"name":"createOrderBy","decl":{"start":{"line":61,"column":16},"end":{"line":61,"column":29}},"loc":{"start":{"line":61,"column":73},"end":{"line":67,"column":1}}}},"branchMap":{"0":{"loc":{"start":{"line":6,"column":36},"end":{"line":6,"column":52}},"type":"default-arg","locations":[{"start":{"line":6,"column":51},"end":{"line":6,"column":52}}]},"1":{"loc":{"start":{"line":6,"column":54},"end":{"line":6,"column":72}},"type":"default-arg","locations":[{"start":{"line":6,"column":70},"end":{"line":6,"column":72}}]},"2":{"loc":{"start":{"line":17,"column":2},"end":{"line":17,"column":18}},"type":"default-arg","locations":[{"start":{"line":17,"column":17},"end":{"line":17,"column":18}}]},"3":{"loc":{"start":{"line":18,"column":2},"end":{"line":18,"column":20}},"type":"default-arg","locations":[{"start":{"line":18,"column":18},"end":{"line":18,"column":20}}]},"4":{"loc":{"start":{"line":39,"column":27},"end":{"line":39,"column":61}},"type":"binary-expr","locations":[{"start":{"line":39,"column":27},"end":{"line":39,"column":56}},{"start":{"line":39,"column":60},"end":{"line":39,"column":61}}]},"5":{"loc":{"start":{"line":40,"column":42},"end":{"line":40,"column":78}},"type":"binary-expr","locations":[{"start":{"line":40,"column":42},"end":{"line":40,"column":72}},{"start":{"line":40,"column":76},"end":{"line":40,"column":78}}]},"6":{"loc":{"start":{"line":41,"column":17},"end":{"line":41,"column":53}},"type":"binary-expr","locations":[{"start":{"line":41,"column":17},"end":{"line":41,"column":38}},{"start":{"line":41,"column":42},"end":{"line":41,"column":53}}]},"7":{"loc":{"start":{"line":42,"column":20},"end":{"line":42,"column":64}},"type":"cond-expr","locations":[{"start":{"line":42,"column":50},"end":{"line":42,"column":56}},{"start":{"line":42,"column":59},"end":{"line":42,"column":64}}]},"8":{"loc":{"start":{"line":62,"column":2},"end":{"line":62,"column":44}},"type":"if","locations":[{"start":{"line":62,"column":2},"end":{"line":62,"column":44}}]},"9":{"loc":{"start":{"line":65,"column":14},"end":{"line":65,"column":32}},"type":"binary-expr","locations":[{"start":{"line":65,"column":14},"end":{"line":65,"column":23}},{"start":{"line":65,"column":27},"end":{"line":65,"column":32}}]}},"s":{"0":0,"1":0,"2":0,"3":0,"4":0,"5":0,"6":0,"7":0,"8":0,"9":0,"10":0,"11":0,"12":0,"13":0,"14":0,"15":0,"16":0,"17":0,"18":0,"19":0},"f":{"0":0,"1":0,"2":0,"3":0,"4":0},"b":{"0":[0],"1":[0],"2":[0],"3":[0],"4":[0,0],"5":[0,0],"6":[0,0],"7":[0,0],"8":[0],"9":[0,0]}}
,"/Users/mauroociappina/Desktop/Dazlab/Proyecto 40/Repo/gravitad-040-2024-gravitad-generacio-actualizada-contenido-asist-de-escritura-plataforma/Req/backend/src/utils/test-auth.ts": {"path":"/Users/mauroociappina/Desktop/Dazlab/Proyecto 40/Repo/gravitad-040-2024-gravitad-generacio-actualizada-contenido-asist-de-escritura-plataforma/Req/backend/src/utils/test-auth.ts","statementMap":{"0":{"start":{"line":119,"column":9},"end":{"line":119,"column":23}},"1":{"start":{"line":1,"column":0},"end":{"line":1,"column":51}},"2":{"start":{"line":2,"column":0},"end":{"line":2,"column":54}},"3":{"start":{"line":3,"column":0},"end":{"line":3,"column":52}},"4":{"start":{"line":4,"column":0},"end":{"line":4,"column":62}},"5":{"start":{"line":6,"column":15},"end":{"line":6,"column":33}},"6":{"start":{"line":7,"column":20},"end":{"line":7,"column":43}},"7":{"start":{"line":10,"column":2},"end":{"line":111,"column":3}},"8":{"start":{"line":11,"column":4},"end":{"line":11,"column":57}},"9":{"start":{"line":14,"column":4},"end":{"line":14,"column":44}},"10":{"start":{"line":15,"column":21},"end":{"line":20,"column":6}},"11":{"start":{"line":22,"column":4},"end":{"line":105,"column":5}},"12":{"start":{"line":24,"column":6},"end":{"line":26,"column":9}},"13":{"start":{"line":28,"column":26},"end":{"line":28,"column":64}},"14":{"start":{"line":29,"column":6},"end":{"line":29,"column":68}},"15":{"start":{"line":32,"column":6},"end":{"line":32,"column":56}},"16":{"start":{"line":33,"column":21},"end":{"line":33,"column":62}},"17":{"start":{"line":34,"column":6},"end":{"line":34,"column":88}},"18":{"start":{"line":35,"column":6},"end":{"line":35,"column":90}},"19":{"start":{"line":36,"column":6},"end":{"line":36,"column":68}},"20":{"start":{"line":39,"column":6},"end":{"line":39,"column":54}},"21":{"start":{"line":40,"column":28},"end":{"line":40,"column":76}},"22":{"start":{"line":41,"column":29},"end":{"line":41,"column":79}},"23":{"start":{"line":43,"column":6},"end":{"line":43,"column":83}},"24":{"start":{"line":44,"column":6},"end":{"line":44,"column":87}},"25":{"start":{"line":47,"column":6},"end":{"line":47,"column":64}},"26":{"start":{"line":48,"column":25},"end":{"line":48,"column":55}},"27":{"start":{"line":49,"column":29},"end":{"line":49,"column":74}},"28":{"start":{"line":50,"column":6},"end":{"line":50,"column":99}},"29":{"start":{"line":53,"column":6},"end":{"line":53,"column":54}},"30":{"start":{"line":54,"column":29},"end":{"line":54,"column":79}},"31":{"start":{"line":55,"column":25},"end":{"line":55,"column":69}},"32":{"start":{"line":56,"column":6},"end":{"line":56,"column":100}},"33":{"start":{"line":59,"column":6},"end":{"line":59,"column":59}},"34":{"start":{"line":60,"column":27},"end":{"line":60,"column":97}},"35":{"start":{"line":61,"column":6},"end":{"line":61,"column":73}},"36":{"start":{"line":64,"column":6},"end":{"line":64,"column":58}},"37":{"start":{"line":65,"column":6},"end":{"line":70,"column":7}},"38":{"start":{"line":66,"column":8},"end":{"line":66,"column":54}},"39":{"start":{"line":67,"column":8},"end":{"line":67,"column":71}},"40":{"start":{"line":69,"column":8},"end":{"line":69,"column":122}},"41":{"start":{"line":72,"column":6},"end":{"line":77,"column":7}},"42":{"start":{"line":73,"column":8},"end":{"line":73,"column":63}},"43":{"start":{"line":74,"column":8},"end":{"line":74,"column":79}},"44":{"start":{"line":76,"column":8},"end":{"line":76,"column":132}},"45":{"start":{"line":80,"column":6},"end":{"line":80,"column":64}},"46":{"start":{"line":81,"column":27},"end":{"line":81,"column":32}},"47":{"start":{"line":82,"column":29},"end":{"line":82,"column":45}},"48":{"start":{"line":84,"column":29},"end":{"line":84,"column":83}},"49":{"start":{"line":85,"column":31},"end":{"line":85,"column":87}},"50":{"start":{"line":87,"column":6},"end":{"line":87,"column":71}},"51":{"start":{"line":88,"column":6},"end":{"line":88,"column":77}},"52":{"start":{"line":91,"column":6},"end":{"line":91,"column":50}},"53":{"start":{"line":92,"column":41},"end":{"line":92,"column":83}},"54":{"start":{"line":93,"column":6},"end":{"line":93,"column":112}},"55":{"start":{"line":96,"column":6},"end":{"line":98,"column":9}},"56":{"start":{"line":99,"column":6},"end":{"line":99,"column":50}},"57":{"start":{"line":101,"column":6},"end":{"line":101,"column":79}},"58":{"start":{"line":104,"column":6},"end":{"line":104,"column":66}},"59":{"start":{"line":108,"column":4},"end":{"line":108,"column":58}},"60":{"start":{"line":110,"column":4},"end":{"line":110,"column":31}},"61":{"start":{"line":115,"column":0},"end":{"line":117,"column":1}},"62":{"start":{"line":116,"column":2},"end":{"line":116,"column":19}}},"fnMap":{"0":{"name":"testAuthSystem","decl":{"start":{"line":9,"column":15},"end":{"line":9,"column":29}},"loc":{"start":{"line":9,"column":29},"end":{"line":112,"column":1}}}},"branchMap":{"0":{"loc":{"start":{"line":69,"column":62},"end":{"line":69,"column":118}},"type":"cond-expr","locations":[{"start":{"line":69,"column":87},"end":{"line":69,"column":100}},{"start":{"line":69,"column":103},"end":{"line":69,"column":118}}]},"1":{"loc":{"start":{"line":76,"column":70},"end":{"line":76,"column":126}},"type":"cond-expr","locations":[{"start":{"line":76,"column":95},"end":{"line":76,"column":108}},{"start":{"line":76,"column":111},"end":{"line":76,"column":126}}]},"2":{"loc":{"start":{"line":115,"column":0},"end":{"line":117,"column":1}},"type":"if","locations":[{"start":{"line":115,"column":0},"end":{"line":117,"column":1}}]}},"s":{"0":0,"1":0,"2":0,"3":0,"4":0,"5":0,"6":0,"7":0,"8":0,"9":0,"10":0,"11":0,"12":0,"13":0,"14":0,"15":0,"16":0,"17":0,"18":0,"19":0,"20":0,"21":0,"22":0,"23":0,"24":0,"25":0,"26":0,"27":0,"28":0,"29":0,"30":0,"31":0,"32":0,"33":0,"34":0,"35":0,"36":0,"37":0,"38":0,"39":0,"40":0,"41":0,"42":0,"43":0,"44":0,"45":0,"46":0,"47":0,"48":0,"49":0,"50":0,"51":0,"52":0,"53":0,"54":0,"55":0,"56":0,"57":0,"58":0,"59":0,"60":0,"61":0,"62":0},"f":{"0":0},"b":{"0":[0,0],"1":[0,0],"2":[0]}}
,"/Users/mauroociappina/Desktop/Dazlab/Proyecto 40/Repo/gravitad-040-2024-gravitad-generacio-actualizada-contenido-asist-de-escritura-plataforma/Req/backend/src/utils/test-db.ts": {"path":"/Users/mauroociappina/Desktop/Dazlab/Proyecto 40/Repo/gravitad-040-2024-gravitad-generacio-actualizada-contenido-asist-de-escritura-plataforma/Req/backend/src/utils/test-db.ts","statementMap":{"0":{"start":{"line":1,"column":0},"end":{"line":1,"column":35}},"1":{"start":{"line":4,"column":2},"end":{"line":25,"column":3}},"2":{"start":{"line":5,"column":4},"end":{"line":5,"column":50}},"3":{"start":{"line":8,"column":4},"end":{"line":8,"column":28}},"4":{"start":{"line":9,"column":4},"end":{"line":9,"column":52}},"5":{"start":{"line":12,"column":19},"end":{"line":12,"column":59}},"6":{"start":{"line":13,"column":4},"end":{"line":13,"column":57}},"7":{"start":{"line":16,"column":22},"end":{"line":16,"column":47}},"8":{"start":{"line":17,"column":4},"end":{"line":17,"column":76}},"9":{"start":{"line":19,"column":4},"end":{"line":19,"column":49}},"10":{"start":{"line":22,"column":4},"end":{"line":22,"column":52}},"11":{"start":{"line":24,"column":4},"end":{"line":24,"column":31}},"12":{"start":{"line":29,"column":0},"end":{"line":31,"column":1}},"13":{"start":{"line":30,"column":2},"end":{"line":30,"column":27}},"14":{"start":{"line":33,"column":0},"end":{"line":33,"column":38}}},"fnMap":{"0":{"name":"testDatabaseConnection","decl":{"start":{"line":3,"column":15},"end":{"line":3,"column":37}},"loc":{"start":{"line":3,"column":37},"end":{"line":26,"column":1}}}},"branchMap":{"0":{"loc":{"start":{"line":29,"column":0},"end":{"line":31,"column":1}},"type":"if","locations":[{"start":{"line":29,"column":0},"end":{"line":31,"column":1}}]}},"s":{"0":0,"1":0,"2":0,"3":0,"4":0,"5":0,"6":0,"7":0,"8":0,"9":0,"10":0,"11":0,"12":0,"13":0,"14":0},"f":{"0":0},"b":{"0":[0]}}
,"/Users/mauroociappina/Desktop/Dazlab/Proyecto 40/Repo/gravitad-040-2024-gravitad-generacio-actualizada-contenido-asist-de-escritura-plataforma/Req/backend/src/utils/test-user-service.ts": {"path":"/Users/mauroociappina/Desktop/Dazlab/Proyecto 40/Repo/gravitad-040-2024-gravitad-generacio-actualizada-contenido-asist-de-escritura-plataforma/Req/backend/src/utils/test-user-service.ts","statementMap":{"0":{"start":{"line":96,"column":9},"end":{"line":96,"column":24}},"1":{"start":{"line":1,"column":0},"end":{"line":1,"column":51}},"2":{"start":{"line":2,"column":0},"end":{"line":2,"column":54}},"3":{"start":{"line":3,"column":0},"end":{"line":3,"column":62}},"4":{"start":{"line":5,"column":15},"end":{"line":5,"column":33}},"5":{"start":{"line":6,"column":20},"end":{"line":6,"column":43}},"6":{"start":{"line":9,"column":2},"end":{"line":88,"column":3}},"7":{"start":{"line":10,"column":4},"end":{"line":10,"column":48}},"8":{"start":{"line":13,"column":4},"end":{"line":13,"column":53}},"9":{"start":{"line":14,"column":25},"end":{"line":14,"column":43}},"10":{"start":{"line":15,"column":27},"end":{"line":15,"column":75}},"11":{"start":{"line":16,"column":20},"end":{"line":16,"column":86}},"12":{"start":{"line":17,"column":4},"end":{"line":17,"column":67}},"13":{"start":{"line":20,"column":4},"end":{"line":20,"column":62}},"14":{"start":{"line":21,"column":25},"end":{"line":21,"column":30}},"15":{"start":{"line":22,"column":27},"end":{"line":22,"column":43}},"16":{"start":{"line":24,"column":27},"end":{"line":24,"column":81}},"17":{"start":{"line":25,"column":29},"end":{"line":25,"column":85}},"18":{"start":{"line":27,"column":4},"end":{"line":27,"column":69}},"19":{"start":{"line":28,"column":4},"end":{"line":28,"column":80}},"20":{"start":{"line":29,"column":4},"end":{"line":29,"column":75}},"21":{"start":{"line":32,"column":4},"end":{"line":32,"column":47}},"22":{"start":{"line":33,"column":21},"end":{"line":38,"column":6}},"23":{"start":{"line":40,"column":4},"end":{"line":80,"column":5}},"24":{"start":{"line":42,"column":6},"end":{"line":44,"column":9}},"25":{"start":{"line":46,"column":26},"end":{"line":46,"column":64}},"26":{"start":{"line":47,"column":6},"end":{"line":47,"column":87}},"27":{"start":{"line":50,"column":6},"end":{"line":50,"column":53}},"28":{"start":{"line":51,"column":24},"end":{"line":51,"column":72}},"29":{"start":{"line":52,"column":6},"end":{"line":52,"column":60}},"30":{"start":{"line":55,"column":6},"end":{"line":55,"column":59}},"31":{"start":{"line":56,"column":27},"end":{"line":56,"column":97}},"32":{"start":{"line":57,"column":6},"end":{"line":57,"column":73}},"33":{"start":{"line":60,"column":6},"end":{"line":60,"column":47}},"34":{"start":{"line":61,"column":26},"end":{"line":64,"column":8}},"35":{"start":{"line":65,"column":6},"end":{"line":65,"column":91}},"36":{"start":{"line":68,"column":6},"end":{"line":68,"column":46}},"37":{"start":{"line":69,"column":24},"end":{"line":69,"column":57}},"38":{"start":{"line":70,"column":6},"end":{"line":70,"column":109}},"39":{"start":{"line":73,"column":6},"end":{"line":75,"column":9}},"40":{"start":{"line":76,"column":6},"end":{"line":76,"column":50}},"41":{"start":{"line":79,"column":6},"end":{"line":79,"column":61}},"42":{"start":{"line":82,"column":4},"end":{"line":82,"column":55}},"43":{"start":{"line":85,"column":4},"end":{"line":85,"column":43}},"44":{"start":{"line":87,"column":4},"end":{"line":87,"column":31}},"45":{"start":{"line":92,"column":0},"end":{"line":94,"column":1}},"46":{"start":{"line":93,"column":2},"end":{"line":93,"column":20}}},"fnMap":{"0":{"name":"testUserService","decl":{"start":{"line":8,"column":15},"end":{"line":8,"column":30}},"loc":{"start":{"line":8,"column":30},"end":{"line":89,"column":1}}}},"branchMap":{"0":{"loc":{"start":{"line":92,"column":0},"end":{"line":94,"column":1}},"type":"if","locations":[{"start":{"line":92,"column":0},"end":{"line":94,"column":1}}]}},"s":{"0":0,"1":0,"2":0,"3":0,"4":0,"5":0,"6":0,"7":0,"8":0,"9":0,"10":0,"11":0,"12":0,"13":0,"14":0,"15":0,"16":0,"17":0,"18":0,"19":0,"20":0,"21":0,"22":0,"23":0,"24":0,"25":0,"26":0,"27":0,"28":0,"29":0,"30":0,"31":0,"32":0,"33":0,"34":0,"35":0,"36":0,"37":0,"38":0,"39":0,"40":0,"41":0,"42":0,"43":0,"44":0,"45":0,"46":0},"f":{"0":0},"b":{"0":[0]}}
}
