TN:
SF:src/config/database.ts
FN:8,(anonymous_0)
FN:12,(anonymous_1)
FN:19,(anonymous_2)
FN:23,(anonymous_3)
FN:35,(anonymous_4)
FNF:5
FNH:0
FNDA:0,(anonymous_0)
FNDA:0,(anonymous_1)
FNDA:0,(anonymous_2)
FNDA:0,(anonymous_3)
FNDA:0,(anonymous_4)
DA:1,0
DA:5,0
DA:13,0
DA:14,0
DA:16,0
DA:20,0
DA:24,0
DA:26,0
DA:27,0
DA:28,0
DA:30,0
DA:31,0
DA:36,0
DA:37,0
DA:42,0
DA:43,0
LF:16
LH:0
BRDA:13,0,0,0
BRF:1
BRH:0
end_of_record
TN:
SF:src/config/index.ts
FN:7,(anonymous_1)
FNF:1
FNH:0
FNDA:0,(anonymous_1)
DA:1,0
DA:4,0
DA:7,0
DA:9,0
DA:46,0
LF:5
LH:0
BRDA:11,0,0,0
BRDA:11,0,1,0
BRDA:12,1,0,0
BRDA:12,1,1,0
BRDA:16,2,0,0
BRDA:16,2,1,0
BRDA:21,3,0,0
BRDA:21,3,1,0
BRDA:22,4,0,0
BRDA:22,4,1,0
BRDA:23,5,0,0
BRDA:23,5,1,0
BRDA:28,6,0,0
BRDA:28,6,1,0
BRDA:34,7,0,0
BRDA:34,7,1,0
BRDA:39,8,0,0
BRDA:39,8,1,0
BRDA:40,9,0,0
BRDA:40,9,1,0
BRDA:41,10,0,0
BRDA:41,10,1,0
BRDA:42,11,0,0
BRDA:42,11,1,0
BRF:24
BRH:0
end_of_record
TN:
SF:src/config/prisma.ts
FN:9,(anonymous_0)
FN:23,(anonymous_1)
FNF:2
FNH:0
FNDA:0,(anonymous_0)
FNDA:0,(anonymous_1)
DA:1,0
DA:9,0
DA:10,0
DA:16,0
DA:18,0
DA:19,0
DA:23,0
DA:24,0
DA:27,0
LF:9
LH:0
BRDA:16,0,0,0
BRDA:16,0,1,0
BRDA:18,1,0,0
BRF:3
BRH:0
end_of_record
TN:
SF:src/controllers/auth.controller.ts
FN:24,(anonymous_0)
FN:87,(anonymous_1)
FN:164,(anonymous_2)
FN:196,(anonymous_3)
FNF:4
FNH:0
FNDA:0,(anonymous_0)
FNDA:0,(anonymous_1)
FNDA:0,(anonymous_2)
FNDA:0,(anonymous_3)
DA:2,0
DA:3,0
DA:4,0
DA:5,0
DA:7,0
DA:8,0
DA:11,0
DA:16,0
DA:20,0
DA:25,0
DA:27,0
DA:30,0
DA:32,0
DA:33,0
DA:41,0
DA:45,0
DA:48,0
DA:59,0
DA:60,0
DA:69,0
DA:72,0
DA:73,0
DA:88,0
DA:90,0
DA:93,0
DA:96,0
DA:97,0
DA:98,0
DA:106,0
DA:110,0
DA:113,0
DA:124,0
DA:125,0
DA:134,0
DA:137,0
DA:138,0
DA:146,0
DA:149,0
DA:150,0
DA:165,0
DA:171,0
DA:181,0
DA:182,0
DA:197,0
DA:198,0
DA:199,0
DA:207,0
DA:211,0
DA:213,0
DA:214,0
DA:222,0
DA:225,0
DA:233,0
DA:234,0
LF:54
LH:0
BRDA:32,0,0,0
BRDA:38,1,0,0
BRDA:38,1,1,0
BRDA:59,2,0,0
BRDA:66,3,0,0
BRDA:66,3,1,0
BRDA:78,4,0,0
BRDA:78,4,1,0
BRDA:97,5,0,0
BRDA:97,6,0,0
BRDA:97,6,1,0
BRDA:103,7,0,0
BRDA:103,7,1,0
BRDA:124,8,0,0
BRDA:131,9,0,0
BRDA:131,9,1,0
BRDA:137,10,0,0
BRDA:143,11,0,0
BRDA:143,11,1,0
BRDA:155,12,0,0
BRDA:155,12,1,0
BRDA:187,13,0,0
BRDA:187,13,1,0
BRDA:198,14,0,0
BRDA:204,15,0,0
BRDA:204,15,1,0
BRDA:213,16,0,0
BRDA:219,17,0,0
BRDA:219,17,1,0
BRDA:239,18,0,0
BRDA:239,18,1,0
BRF:31
BRH:0
end_of_record
TN:
SF:src/controllers/user.controller.ts
FN:14,(anonymous_9)
FN:44,(anonymous_10)
FN:81,(anonymous_11)
FN:132,(anonymous_12)
FN:185,(anonymous_13)
FN:263,(anonymous_14)
FN:317,(anonymous_15)
FN:368,(anonymous_16)
FN:392,(anonymous_17)
FN:408,(anonymous_18)
FN:431,(anonymous_19)
FN:433,(anonymous_20)
FN:456,(anonymous_21)
FN:458,(anonymous_22)
FN:481,(anonymous_23)
FN:497,(anonymous_24)
FNF:16
FNH:0
FNDA:0,(anonymous_9)
FNDA:0,(anonymous_10)
FNDA:0,(anonymous_11)
FNDA:0,(anonymous_12)
FNDA:0,(anonymous_13)
FNDA:0,(anonymous_14)
FNDA:0,(anonymous_15)
FNDA:0,(anonymous_16)
FNDA:0,(anonymous_17)
FNDA:0,(anonymous_18)
FNDA:0,(anonymous_19)
FNDA:0,(anonymous_20)
FNDA:0,(anonymous_21)
FNDA:0,(anonymous_22)
FNDA:0,(anonymous_23)
FNDA:0,(anonymous_24)
DA:2,0
DA:3,0
DA:5,0
DA:8,0
DA:9,0
DA:15,0
DA:16,0
DA:17,0
DA:18,0
DA:19,0
DA:22,0
DA:24,0
DA:29,0
DA:45,0
DA:46,0
DA:47,0
DA:49,0
DA:50,0
DA:58,0
DA:61,0
DA:66,0
DA:82,0
DA:83,0
DA:84,0
DA:86,0
DA:91,0
DA:92,0
DA:93,0
DA:101,0
DA:104,0
DA:105,0
DA:113,0
DA:117,0
DA:133,0
DA:134,0
DA:135,0
DA:137,0
DA:139,0
DA:144,0
DA:145,0
DA:146,0
DA:154,0
DA:157,0
DA:158,0
DA:166,0
DA:170,0
DA:186,0
DA:187,0
DA:188,0
DA:191,0
DA:192,0
DA:200,0
DA:203,0
DA:205,0
DA:210,0
DA:211,0
DA:212,0
DA:220,0
DA:223,0
DA:224,0
DA:232,0
DA:235,0
DA:236,0
DA:244,0
DA:248,0
DA:264,0
DA:265,0
DA:268,0
DA:269,0
DA:277,0
DA:280,0
DA:282,0
DA:290,0
DA:291,0
DA:299,0
DA:302,0
DA:318,0
DA:319,0
DA:322,0
DA:323,0
DA:331,0
DA:334,0
DA:336,0
DA:341,0
DA:342,0
DA:350,0
DA:353,0
DA:369,0
DA:370,0
DA:372,0
DA:377,0
DA:393,0
DA:394,0
DA:396,0
DA:397,0
DA:405,0
DA:408,0
DA:409,0
DA:411,0
DA:416,0
DA:432,0
DA:433,0
DA:434,0
DA:436,0
DA:441,0
DA:457,0
DA:458,0
DA:459,0
DA:461,0
DA:466,0
DA:482,0
DA:483,0
DA:485,0
DA:486,0
DA:494,0
DA:497,0
DA:498,0
DA:500,0
DA:509,0
LF:119
LH:0
BRDA:16,0,0,0
BRDA:16,0,1,0
BRDA:17,1,0,0
BRDA:17,1,1,0
BRDA:19,2,0,0
BRDA:19,2,1,0
BRDA:20,3,0,0
BRDA:20,3,1,0
BRDA:33,4,0,0
BRDA:33,4,1,0
BRDA:35,5,0,0
BRDA:35,5,1,0
BRDA:49,6,0,0
BRDA:55,7,0,0
BRDA:55,7,1,0
BRDA:70,8,0,0
BRDA:70,8,1,0
BRDA:72,9,0,0
BRDA:72,9,1,0
BRDA:91,10,0,0
BRDA:92,11,0,0
BRDA:98,12,0,0
BRDA:98,12,1,0
BRDA:104,13,0,0
BRDA:110,14,0,0
BRDA:110,14,1,0
BRDA:121,15,0,0
BRDA:121,15,1,0
BRDA:123,16,0,0
BRDA:123,16,1,0
BRDA:144,17,0,0
BRDA:145,18,0,0
BRDA:151,19,0,0
BRDA:151,19,1,0
BRDA:157,20,0,0
BRDA:163,21,0,0
BRDA:163,21,1,0
BRDA:174,22,0,0
BRDA:174,22,1,0
BRDA:176,23,0,0
BRDA:176,23,1,0
BRDA:191,24,0,0
BRDA:191,25,0,0
BRDA:191,25,1,0
BRDA:197,26,0,0
BRDA:197,26,1,0
BRDA:210,27,0,0
BRDA:211,28,0,0
BRDA:217,29,0,0
BRDA:217,29,1,0
BRDA:223,30,0,0
BRDA:229,31,0,0
BRDA:229,31,1,0
BRDA:235,32,0,0
BRDA:241,33,0,0
BRDA:241,33,1,0
BRDA:252,34,0,0
BRDA:252,34,1,0
BRDA:254,35,0,0
BRDA:254,35,1,0
BRDA:268,36,0,0
BRDA:274,37,0,0
BRDA:274,37,1,0
BRDA:286,38,0,0
BRDA:286,38,1,0
BRDA:290,39,0,0
BRDA:290,40,0,0
BRDA:290,40,1,0
BRDA:296,41,0,0
BRDA:296,41,1,0
BRDA:306,42,0,0
BRDA:306,42,1,0
BRDA:308,43,0,0
BRDA:308,43,1,0
BRDA:322,44,0,0
BRDA:328,45,0,0
BRDA:328,45,1,0
BRDA:341,46,0,0
BRDA:341,47,0,0
BRDA:341,47,1,0
BRDA:347,48,0,0
BRDA:347,48,1,0
BRDA:357,49,0,0
BRDA:357,49,1,0
BRDA:359,50,0,0
BRDA:359,50,1,0
BRDA:381,51,0,0
BRDA:381,51,1,0
BRDA:383,52,0,0
BRDA:383,52,1,0
BRDA:396,53,0,0
BRDA:402,54,0,0
BRDA:402,54,1,0
BRDA:420,55,0,0
BRDA:420,55,1,0
BRDA:422,56,0,0
BRDA:422,56,1,0
BRDA:445,57,0,0
BRDA:445,57,1,0
BRDA:447,58,0,0
BRDA:447,58,1,0
BRDA:470,59,0,0
BRDA:470,59,1,0
BRDA:472,60,0,0
BRDA:472,60,1,0
BRDA:485,61,0,0
BRDA:491,62,0,0
BRDA:491,62,1,0
BRDA:513,63,0,0
BRDA:513,63,1,0
BRDA:515,64,0,0
BRDA:515,64,1,0
BRF:112
BRH:0
end_of_record
TN:
SF:src/middleware/auth.middleware.ts
FN:12,(anonymous_0)
FN:75,(anonymous_1)
FNF:2
FNH:0
FNDA:0,(anonymous_0)
FNDA:0,(anonymous_1)
DA:2,0
DA:3,0
DA:4,0
DA:6,0
DA:7,0
DA:12,0
DA:17,0
DA:18,0
DA:19,0
DA:21,0
DA:22,0
DA:30,0
DA:34,0
DA:37,0
DA:38,0
DA:39,0
DA:47,0
DA:51,0
DA:53,0
DA:55,0
DA:57,0
DA:58,0
DA:61,0
DA:75,0
DA:80,0
DA:81,0
DA:82,0
DA:84,0
DA:85,0
DA:86,0
DA:88,0
DA:89,0
DA:93,0
DA:96,0
LF:34
LH:0
BRDA:21,0,0,0
BRDA:27,1,0,0
BRDA:27,1,1,0
BRDA:38,2,0,0
BRDA:38,3,0,0
BRDA:38,3,1,0
BRDA:44,4,0,0
BRDA:44,4,1,0
BRDA:57,5,0,0
BRDA:66,6,0,0
BRDA:66,6,1,0
BRDA:84,7,0,0
BRDA:88,8,0,0
BRDA:88,9,0,0
BRDA:88,9,1,0
BRF:15
BRH:0
end_of_record
TN:
SF:src/middleware/authorization.middleware.ts
FN:16,(anonymous_0)
FN:17,(anonymous_1)
FN:55,(anonymous_2)
FN:56,(anonymous_3)
FN:72,(anonymous_4)
FN:100,(anonymous_5)
FN:101,(anonymous_6)
FN:154,(anonymous_7)
FN:162,(anonymous_8)
FN:169,(anonymous_9)
FN:176,(anonymous_10)
FN:189,(anonymous_11)
FN:190,(anonymous_12)
FN:196,(anonymous_13)
FN:208,(anonymous_14)
FN:209,(anonymous_15)
FN:218,(anonymous_16)
FN:236,(anonymous_17)
FN:237,(anonymous_18)
FNF:19
FNH:0
FNDA:0,(anonymous_0)
FNDA:0,(anonymous_1)
FNDA:0,(anonymous_2)
FNDA:0,(anonymous_3)
FNDA:0,(anonymous_4)
FNDA:0,(anonymous_5)
FNDA:0,(anonymous_6)
FNDA:0,(anonymous_7)
FNDA:0,(anonymous_8)
FNDA:0,(anonymous_9)
FNDA:0,(anonymous_10)
FNDA:0,(anonymous_11)
FNDA:0,(anonymous_12)
FNDA:0,(anonymous_13)
FNDA:0,(anonymous_14)
FNDA:0,(anonymous_15)
FNDA:0,(anonymous_16)
FNDA:0,(anonymous_17)
FNDA:0,(anonymous_18)
DA:2,0
DA:3,0
DA:16,0
DA:17,0
DA:18,0
DA:19,0
DA:27,0
DA:30,0
DA:32,0
DA:33,0
DA:45,0
DA:48,0
DA:55,0
DA:56,0
DA:57,0
DA:58,0
DA:66,0
DA:69,0
DA:70,0
DA:72,0
DA:73,0
DA:76,0
DA:77,0
DA:90,0
DA:93,0
DA:100,0
DA:101,0
DA:102,0
DA:103,0
DA:111,0
DA:114,0
DA:117,0
DA:118,0
DA:119,0
DA:122,0
DA:123,0
DA:125,0
DA:126,0
DA:134,0
DA:137,0
DA:139,0
DA:154,0
DA:155,0
DA:156,0
DA:162,0
DA:163,0
DA:169,0
DA:170,0
DA:176,0
DA:177,0
DA:189,0
DA:190,0
DA:196,0
DA:197,0
DA:198,0
DA:208,0
DA:209,0
DA:210,0
DA:218,0
DA:220,0
DA:221,0
DA:225,0
DA:226,0
DA:230,0
DA:236,0
DA:237,0
DA:238,0
DA:239,0
DA:247,0
DA:250,0
DA:251,0
DA:252,0
DA:254,0
DA:255,0
DA:267,0
DA:270,0
DA:272,0
LF:77
LH:0
BRDA:18,0,0,0
BRDA:24,1,0,0
BRDA:24,1,1,0
BRDA:32,2,0,0
BRDA:42,3,0,0
BRDA:42,3,1,0
BRDA:57,4,0,0
BRDA:63,5,0,0
BRDA:63,5,1,0
BRDA:70,6,0,0
BRDA:70,6,1,0
BRDA:76,7,0,0
BRDA:87,8,0,0
BRDA:87,8,1,0
BRDA:102,9,0,0
BRDA:108,10,0,0
BRDA:108,10,1,0
BRDA:117,11,0,0
BRDA:125,12,0,0
BRDA:131,13,0,0
BRDA:131,13,1,0
BRDA:144,14,0,0
BRDA:144,14,1,0
BRDA:155,15,0,0
BRDA:155,15,1,0
BRDA:163,16,0,0
BRDA:163,16,1,0
BRDA:181,17,0,0
BRDA:181,17,1,0
BRDA:220,18,0,0
BRDA:225,19,0,0
BRDA:226,20,0,0
BRDA:226,20,1,0
BRDA:238,21,0,0
BRDA:244,22,0,0
BRDA:244,22,1,0
BRDA:254,23,0,0
BRDA:264,24,0,0
BRDA:264,24,1,0
BRDA:276,25,0,0
BRDA:276,25,1,0
BRDA:278,26,0,0
BRDA:278,26,1,0
BRF:43
BRH:0
end_of_record
TN:
SF:src/routes/auth.routes.ts
FNF:0
FNH:0
DA:1,0
DA:2,0
DA:3,0
DA:5,0
DA:54,0
DA:93,0
DA:119,0
DA:147,0
DA:149,0
LF:9
LH:0
BRF:0
BRH:0
end_of_record
TN:
SF:src/routes/user.routes.ts
FNF:0
FNH:0
DA:1,0
DA:2,0
DA:3,0
DA:4,0
DA:5,0
DA:7,0
DA:10,0
DA:39,0
DA:79,0
DA:120,0
DA:155,0
DA:192,0
DA:255,0
DA:292,0
DA:354,0
DA:412,0
DA:468,0
DA:509,0
DA:548,0
DA:550,0
LF:20
LH:0
BRF:0
BRH:0
end_of_record
TN:
SF:src/services/jwt.service.ts
FN:26,(anonymous_1)
FN:55,(anonymous_2)
FN:78,(anonymous_3)
FN:101,(anonymous_4)
FN:117,(anonymous_5)
FN:135,(anonymous_6)
FNF:6
FNH:6
FNDA:9,(anonymous_1)
FNDA:5,(anonymous_2)
FNDA:5,(anonymous_3)
FNDA:4,(anonymous_4)
FNDA:2,(anonymous_5)
FNDA:2,(anonymous_6)
DA:1,1
DA:17,1
DA:18,1
DA:19,1
DA:20,1
DA:21,1
DA:27,9
DA:33,9
DA:39,9
DA:45,9
DA:56,5
DA:57,5
DA:59,2
DA:60,0
DA:63,2
DA:65,3
DA:66,3
DA:68,0
DA:69,0
DA:71,0
DA:79,5
DA:80,5
DA:82,2
DA:83,0
DA:86,2
DA:88,3
DA:89,3
DA:91,0
DA:92,0
DA:94,0
DA:102,4
DA:103,1
DA:106,3
DA:107,3
DA:108,2
DA:111,1
DA:118,2
DA:120,1
DA:127,1
DA:136,2
DA:137,2
DA:139,0
LF:42
LH:33
BRDA:59,0,0,0
BRDA:65,1,0,3
BRDA:68,2,0,0
BRDA:82,3,0,0
BRDA:88,4,0,3
BRDA:91,5,0,0
BRDA:102,6,0,1
BRDA:107,7,0,2
BRDA:107,8,0,3
BRDA:107,8,1,2
BRDA:18,9,0,1
BRDA:18,9,1,0
BRDA:19,10,0,1
BRDA:19,10,1,0
BRF:14
BRH:8
end_of_record
TN:
SF:src/services/password.service.ts
FN:9,(anonymous_1)
FN:21,(anonymous_2)
FN:32,(anonymous_3)
FNF:3
FNH:3
FNDA:6,(anonymous_1)
FNDA:3,(anonymous_2)
FNDA:7,(anonymous_3)
DA:1,2
DA:3,2
DA:4,2
DA:10,6
DA:11,6
DA:12,6
DA:14,0
DA:22,3
DA:23,3
DA:25,0
DA:36,7
DA:38,7
DA:39,2
DA:42,7
DA:43,2
DA:46,7
DA:47,1
DA:50,7
DA:51,2
DA:54,7
DA:55,2
DA:58,7
LF:22
LH:20
BRDA:38,0,0,2
BRDA:42,1,0,2
BRDA:46,2,0,1
BRDA:50,3,0,2
BRDA:54,4,0,2
BRF:5
BRH:5
end_of_record
TN:
SF:src/services/user.service.ts
FN:16,(anonymous_0)
FN:23,(anonymous_1)
FN:39,(anonymous_2)
FN:85,(anonymous_3)
FN:96,(anonymous_4)
FN:107,(anonymous_5)
FN:116,(anonymous_6)
FN:145,(anonymous_7)
FN:155,(anonymous_8)
FN:191,(anonymous_9)
FN:243,(anonymous_10)
FN:263,(anonymous_11)
FN:282,(anonymous_12)
FNF:13
FNH:13
FNDA:22,(anonymous_0)
FNDA:7,(anonymous_1)
FNDA:3,(anonymous_2)
FNDA:2,(anonymous_3)
FNDA:2,(anonymous_4)
FNDA:5,(anonymous_5)
FNDA:2,(anonymous_6)
FNDA:1,(anonymous_7)
FNDA:2,(anonymous_8)
FNDA:2,(anonymous_9)
FNDA:2,(anonymous_10)
FNDA:2,(anonymous_11)
FNDA:4,(anonymous_12)
DA:2,1
DA:3,1
DA:13,1
DA:17,22
DA:24,7
DA:41,3
DA:44,3
DA:48,3
DA:49,1
DA:53,2
DA:57,2
DA:58,1
DA:64,1
DA:69,1
DA:79,1
DA:86,2
DA:90,2
DA:97,2
DA:101,2
DA:108,5
DA:127,2
DA:129,2
DA:134,2
DA:144,2
DA:145,1
DA:157,2
DA:160,2
DA:164,2
DA:165,1
DA:169,1
DA:170,0
DA:174,0
DA:175,0
DA:180,1
DA:185,1
DA:196,2
DA:199,2
DA:203,2
DA:204,0
DA:208,2
DA:213,2
DA:214,1
DA:218,1
DA:222,1
DA:223,0
DA:229,1
DA:234,1
DA:244,2
DA:248,2
DA:249,1
DA:252,1
DA:257,1
DA:264,2
DA:268,2
DA:269,1
DA:273,1
DA:286,4
DA:288,4
DA:289,2
DA:292,2
DA:297,2
DA:298,1
DA:301,1
LF:63
LH:58
BRDA:48,0,0,1
BRDA:57,1,0,1
BRDA:90,2,0,1
BRDA:90,2,1,1
BRDA:101,3,0,1
BRDA:101,3,1,1
BRDA:117,4,0,0
BRDA:118,5,0,0
BRDA:130,6,0,2
BRDA:130,6,1,1
BRDA:131,7,0,2
BRDA:131,7,1,1
BRDA:164,8,0,1
BRDA:169,9,0,0
BRDA:169,10,0,1
BRDA:169,10,1,0
BRDA:174,11,0,0
BRDA:203,12,0,0
BRDA:213,13,0,1
BRDA:222,14,0,0
BRDA:248,15,0,1
BRDA:268,16,0,1
BRDA:288,17,0,2
BRDA:288,18,0,4
BRDA:288,18,1,3
BRDA:297,19,0,1
BRF:26
BRH:19
end_of_record
TN:
SF:src/types/index.ts
FNF:0
FNH:0
DA:4,0
DA:7,0
LF:2
LH:0
BRF:0
BRH:0
end_of_record
TN:
SF:src/types/roles.ts
FNF:0
FNH:0
DA:1,0
DA:25,0
DA:69,0
DA:79,0
DA:89,0
LF:5
LH:0
BRF:0
BRH:0
end_of_record
TN:
SF:src/types/user.ts
FNF:0
FNH:0
DA:1,1
DA:2,1
DA:5,1
DA:13,1
DA:21,1
LF:5
LH:5
BRF:0
BRH:0
end_of_record
TN:
SF:src/utils/prisma-helpers.ts
FN:6,calculatePagination
FN:14,createPaginatedResponse
FN:38,parsePaginationParams
FN:50,excludeUserPassword
FN:61,createOrderBy
FNF:5
FNH:0
FNDA:0,calculatePagination
FNDA:0,createPaginatedResponse
FNDA:0,parsePaginationParams
FNDA:0,excludeUserPassword
FNDA:0,createOrderBy
DA:6,0
DA:7,0
DA:8,0
DA:14,0
DA:20,0
DA:22,0
DA:38,0
DA:39,0
DA:40,0
DA:41,0
DA:42,0
DA:44,0
DA:50,0
DA:53,0
DA:54,0
DA:55,0
DA:61,0
DA:62,0
DA:64,0
LF:19
LH:0
BRDA:6,0,0,0
BRDA:6,1,0,0
BRDA:17,2,0,0
BRDA:18,3,0,0
BRDA:39,4,0,0
BRDA:39,4,1,0
BRDA:40,5,0,0
BRDA:40,5,1,0
BRDA:41,6,0,0
BRDA:41,6,1,0
BRDA:42,7,0,0
BRDA:42,7,1,0
BRDA:62,8,0,0
BRDA:65,9,0,0
BRDA:65,9,1,0
BRF:15
BRH:0
end_of_record
TN:
SF:src/utils/test-auth.ts
FN:9,testAuthSystem
FNF:1
FNH:0
FNDA:0,testAuthSystem
DA:1,0
DA:2,0
DA:3,0
DA:4,0
DA:6,0
DA:7,0
DA:10,0
DA:11,0
DA:14,0
DA:15,0
DA:22,0
DA:24,0
DA:28,0
DA:29,0
DA:32,0
DA:33,0
DA:34,0
DA:35,0
DA:36,0
DA:39,0
DA:40,0
DA:41,0
DA:43,0
DA:44,0
DA:47,0
DA:48,0
DA:49,0
DA:50,0
DA:53,0
DA:54,0
DA:55,0
DA:56,0
DA:59,0
DA:60,0
DA:61,0
DA:64,0
DA:65,0
DA:66,0
DA:67,0
DA:69,0
DA:72,0
DA:73,0
DA:74,0
DA:76,0
DA:80,0
DA:81,0
DA:82,0
DA:84,0
DA:85,0
DA:87,0
DA:88,0
DA:91,0
DA:92,0
DA:93,0
DA:96,0
DA:99,0
DA:101,0
DA:104,0
DA:108,0
DA:110,0
DA:115,0
DA:116,0
DA:119,0
LF:63
LH:0
BRDA:69,0,0,0
BRDA:69,0,1,0
BRDA:76,1,0,0
BRDA:76,1,1,0
BRDA:115,2,0,0
BRF:5
BRH:0
end_of_record
TN:
SF:src/utils/test-db.ts
FN:3,testDatabaseConnection
FNF:1
FNH:0
FNDA:0,testDatabaseConnection
DA:1,0
DA:4,0
DA:5,0
DA:8,0
DA:9,0
DA:12,0
DA:13,0
DA:16,0
DA:17,0
DA:19,0
DA:22,0
DA:24,0
DA:29,0
DA:30,0
DA:33,0
LF:15
LH:0
BRDA:29,0,0,0
BRF:1
BRH:0
end_of_record
TN:
SF:src/utils/test-user-service.ts
FN:8,testUserService
FNF:1
FNH:0
FNDA:0,testUserService
DA:1,0
DA:2,0
DA:3,0
DA:5,0
DA:6,0
DA:9,0
DA:10,0
DA:13,0
DA:14,0
DA:15,0
DA:16,0
DA:17,0
DA:20,0
DA:21,0
DA:22,0
DA:24,0
DA:25,0
DA:27,0
DA:28,0
DA:29,0
DA:32,0
DA:33,0
DA:40,0
DA:42,0
DA:46,0
DA:47,0
DA:50,0
DA:51,0
DA:52,0
DA:55,0
DA:56,0
DA:57,0
DA:60,0
DA:61,0
DA:65,0
DA:68,0
DA:69,0
DA:70,0
DA:73,0
DA:76,0
DA:79,0
DA:82,0
DA:85,0
DA:87,0
DA:92,0
DA:93,0
DA:96,0
LF:47
LH:0
BRDA:92,0,0,0
BRF:1
BRH:0
end_of_record
